2023-12-20 12:16:50,969 [INFO] Activator:176 - 


2023-12-20 12:16:50,973 [INFO] Activator:177 - !SESSION log4j initialized
2023-12-20 12:16:54,135 [INFO] LogOutputStream:77 - [STDOUT_REDIRECT] 
2023-12-20 12:16:54,756 [INFO] ApplicationProperties:184 - Using Application install path: C:\ST\STM32CubeIDE_1.10.1\STM32CubeIDE\plugins\com.st.stm32cube.common.mx_6.10.0.202311202037
2023-12-20 12:16:54,775 [INFO] DbMcusXml:78 - Set database path to: C:\ST\STM32CubeIDE_1.10.1\STM32CubeIDE\plugins\com.st.stm32cube.common.mx_6.10.0.202311202037\\db\/mcu/
2023-12-20 12:16:54,775 [INFO] ApiDb:274 - Set plugin database path to: C:\ST\STM32CubeIDE_1.10.1\STM32CubeIDE\plugins\com.st.stm32cube.common.mx_6.10.0.202311202037\\db\/plugins/boardmanager/
2023-12-20 12:16:54,775 [WARN] ApiDb:259 - Overriding images path with different value:  => C:\ST\STM32CubeIDE_1.10.1\STM32CubeIDE\plugins\com.st.stm32cube.common.mx_6.10.0.202311202037\\db\/plugins/mcufinder/images/
2023-12-20 12:16:54,787 [INFO] ApiDb:250 - Set database path to: C:\Users\jaywe\.stmcufinder\plugins\mcufinder//mcu/
2023-12-20 12:16:54,789 [INFO] DbMcusAds:125 - Set database path to: C:\Users\jaywe\.stmcufinder\plugins\mcufinder//mcu/
2023-12-20 12:16:54,791 [INFO] CrossReferenceDbSqlite:203 - Set database path to: C:\Users\jaywe\.stmcufinder\plugins\mcufinder//mcu/cs/
2023-12-20 12:16:54,893 [INFO] RulesReader:64 - Compatibility file has been processed (297 Rules)
2023-12-20 12:16:54,963 [INFO] DbMcusXml:78 - Set database path to: C:\ST\STM32CubeIDE_1.10.1\STM32CubeIDE\plugins\com.st.stm32cube.common.mx_6.10.0.202311202037\\db\/mcu/
2023-12-20 12:16:54,963 [INFO] ApiDb:274 - Set plugin database path to: C:\ST\STM32CubeIDE_1.10.1\STM32CubeIDE\plugins\com.st.stm32cube.common.mx_6.10.0.202311202037\\db\/plugins/boardmanager/
2023-12-20 12:16:54,963 [INFO] ApiDb:261 - Set plugin images path to: C:\ST\STM32CubeIDE_1.10.1\STM32CubeIDE\plugins\com.st.stm32cube.common.mx_6.10.0.202311202037\\db\/plugins/mcufinder/images/
2023-12-20 12:16:54,963 [WARN] DbFile:41 - Overriding database path with different value: C:\Users\jaywe\.stmcufinder\plugins\mcufinder/ => C:\Users\jaywe\.stmcufinder\plugins\mcufinder
2023-12-20 12:16:54,963 [INFO] ApiDb:250 - Set database path to: C:\Users\jaywe\.stmcufinder\plugins\mcufinder//mcu/
2023-12-20 12:16:54,963 [WARN] DbFile:41 - Overriding database path with different value: C:\Users\jaywe\.stmcufinder\plugins\mcufinder/ => C:\Users\jaywe\.stmcufinder\plugins\mcufinder
2023-12-20 12:16:54,963 [INFO] DbMcusAds:125 - Set database path to: C:\Users\jaywe\.stmcufinder\plugins\mcufinder//mcu/
2023-12-20 12:16:54,963 [WARN] DbFile:41 - Overriding database path with different value: C:\Users\jaywe\.stmcufinder\plugins\mcufinder/ => C:\Users\jaywe\.stmcufinder\plugins\mcufinder
2023-12-20 12:16:54,963 [WARN] DbFile:41 - Overriding database path with different value: C:\Users\jaywe\.stmcufinder\plugins\mcufinder/ => C:\Users\jaywe\.stmcufinder\plugins\mcufinder
2023-12-20 12:16:54,963 [INFO] CrossReferenceDbSqlite:203 - Set database path to: C:\Users\jaywe\.stmcufinder\plugins\mcufinder//mcu/cs/
2023-12-20 12:16:55,018 [INFO] MainPanel:264 - HeapMemory: 268435456
2023-12-20 12:16:55,079 [INFO] DbMcusXml:78 - Set database path to: C:\ST\STM32CubeIDE_1.10.1\STM32CubeIDE\plugins\com.st.stm32cube.common.mx_6.10.0.202311202037\\db\/mcu/
2023-12-20 12:16:55,079 [INFO] ApiDb:274 - Set plugin database path to: C:\ST\STM32CubeIDE_1.10.1\STM32CubeIDE\plugins\com.st.stm32cube.common.mx_6.10.0.202311202037\\db\/plugins/boardmanager/
2023-12-20 12:16:55,079 [INFO] ApiDb:261 - Set plugin images path to: C:\ST\STM32CubeIDE_1.10.1\STM32CubeIDE\plugins\com.st.stm32cube.common.mx_6.10.0.202311202037\\db\/plugins/mcufinder/images/
2023-12-20 12:16:55,079 [WARN] DbFile:41 - Overriding database path with different value: C:\Users\jaywe\.stmcufinder\plugins\mcufinder/ => C:\Users\jaywe\.stmcufinder\plugins\mcufinder
2023-12-20 12:16:55,079 [INFO] ApiDb:250 - Set database path to: C:\Users\jaywe\.stmcufinder\plugins\mcufinder//mcu/
2023-12-20 12:16:55,079 [WARN] DbFile:41 - Overriding database path with different value: C:\Users\jaywe\.stmcufinder\plugins\mcufinder/ => C:\Users\jaywe\.stmcufinder\plugins\mcufinder
2023-12-20 12:16:55,079 [INFO] DbMcusAds:125 - Set database path to: C:\Users\jaywe\.stmcufinder\plugins\mcufinder//mcu/
2023-12-20 12:16:55,079 [WARN] DbFile:41 - Overriding database path with different value: C:\Users\jaywe\.stmcufinder\plugins\mcufinder/ => C:\Users\jaywe\.stmcufinder\plugins\mcufinder
2023-12-20 12:16:55,079 [WARN] DbFile:41 - Overriding database path with different value: C:\Users\jaywe\.stmcufinder\plugins\mcufinder/ => C:\Users\jaywe\.stmcufinder\plugins\mcufinder
2023-12-20 12:16:55,079 [INFO] CrossReferenceDbSqlite:203 - Set database path to: C:\Users\jaywe\.stmcufinder\plugins\mcufinder//mcu/cs/
2023-12-20 12:16:55,093 [INFO] ApplicationProperties:184 - Using Application install path: C:\ST\STM32CubeIDE_1.10.1\STM32CubeIDE\plugins\com.st.stm32cube.common.mx_6.10.0.202311202037
2023-12-20 12:16:55,094 [INFO] PluginManage:196 - Search for loadable plugins [exclusion list=, ]
2023-12-20 12:16:55,095 [INFO] PluginManage:310 - Check plugin analytics
2023-12-20 12:16:55,227 [INFO] AnalyticsPlugin:253 - Accepted Software Licenses: 
2023-12-20 12:16:55,227 [INFO] AnalyticsPlugin:255 - Accepted CMSIS Pack Licenses: 
2023-12-20 12:16:55,227 [INFO] AnalyticsPlugin:257 - Accepted Firmware Licenses: 
2023-12-20 12:16:55,229 [INFO] PluginManage:359 - Loaded plugin analytics (category:tool,tabindex:-1)
2023-12-20 12:16:55,229 [INFO] PluginManage:310 - Check plugin cadmodel
2023-12-20 12:16:55,235 [INFO] CADModel:105 - Init CAD model plugin
2023-12-20 12:16:55,235 [INFO] PluginManage:359 - Loaded plugin cadmodel (category:power,tabindex:5)
2023-12-20 12:16:55,235 [INFO] PluginManage:310 - Check plugin clock
2023-12-20 12:16:55,246 [INFO] PluginManage:359 - Loaded plugin clock (category:base,tabindex:2)
2023-12-20 12:16:55,246 [INFO] PluginManage:310 - Check plugin ddr
2023-12-20 12:16:55,248 [INFO] PluginManage:359 - Loaded plugin ddr (category:tool,tabindex:6)
2023-12-20 12:16:55,248 [INFO] PluginManage:310 - Check plugin filemanager
2023-12-20 12:16:55,357 [INFO] PluginManage:359 - Loaded plugin filemanager (category:base,tabindex:10)
2023-12-20 12:16:55,357 [INFO] PluginManage:310 - Check plugin ipmanager
2023-12-20 12:16:55,362 [INFO] PluginManage:359 - Loaded plugin ipmanager (category:base,tabindex:5)
2023-12-20 12:16:55,362 [INFO] PluginManage:310 - Check plugin lpbam
2023-12-20 12:16:55,369 [INFO] PluginManage:359 - Loaded plugin lpbam (category:base,tabindex:0)
2023-12-20 12:16:55,369 [INFO] PluginManage:310 - Check plugin memorymap
2023-12-20 12:16:55,381 [INFO] PluginManage:359 - Loaded plugin memorymap (category:base,tabindex:4)
2023-12-20 12:16:55,381 [INFO] PluginManage:310 - Check plugin pinoutandconfiguration
2023-12-20 12:16:55,386 [INFO] PluginManage:359 - Loaded plugin pinoutandconfiguration (category:base,tabindex:1)
2023-12-20 12:16:55,387 [INFO] PluginManage:310 - Check plugin pinoutconfig
2023-12-20 12:16:55,445 [WARN] SupportedApi:132 - Cannot load RTOS API schema: s4s-elt-must-match.1: The content of 'definitions' must match (annotation?, (simpleType | complexType)?, (unique | key | keyref)*)). A problem was found starting at: attribute.
2023-12-20 12:16:55,532 [INFO] PluginManage:359 - Loaded plugin pinoutconfig (category:base,tabindex:0)
2023-12-20 12:16:55,534 [INFO] PluginManage:310 - Check plugin power
2023-12-20 12:16:55,543 [INFO] PluginManage:359 - Loaded plugin power (category:power,tabindex:4)
2023-12-20 12:16:55,543 [INFO] PluginManage:310 - Check plugin projectmanager
2023-12-20 12:16:55,555 [INFO] PluginManage:359 - Loaded plugin projectmanager (category:projectmanager,tabindex:3)
2023-12-20 12:16:55,555 [INFO] PluginManage:310 - Check plugin thirdparty
2023-12-20 12:16:55,646 [INFO] PluginManage:359 - Loaded plugin thirdparty (category:base,tabindex:-1)
2023-12-20 12:16:55,646 [INFO] PluginManage:310 - Check plugin tools
2023-12-20 12:16:55,646 [WARN] IntegrityCheckThread:84 - waiting for thirdparty lock release [integrity check]
2023-12-20 12:16:55,646 [INFO] IntegrityCheckThread:86 - entering critical section [integrity check]
2023-12-20 12:16:55,647 [INFO] ThirdPartyUpdaterWithRetryManager:70 - Updater plugin not ready yet. [1/15]
2023-12-20 12:16:55,648 [INFO] PluginManage:359 - Loaded plugin tools (category:base,tabindex:7)
2023-12-20 12:16:55,648 [INFO] PluginManage:310 - Check plugin tutovideos
2023-12-20 12:16:55,763 [INFO] PluginManage:359 - Loaded plugin tutovideos (category:base,tabindex:-1)
2023-12-20 12:16:55,763 [INFO] PluginManage:310 - Check plugin updater
2023-12-20 12:16:55,771 [INFO] PluginManage:359 - Loaded plugin updater (category:base,tabindex:12)
2023-12-20 12:16:55,771 [INFO] PluginManage:310 - Check plugin userauth
2023-12-20 12:16:55,775 [INFO] UserAuth:114 - Init User Auth plugin
2023-12-20 12:16:55,776 [INFO] PluginManage:359 - Loaded plugin userauth (category:base,tabindex:14)
2023-12-20 12:16:55,776 [INFO] PluginManage:283 - PluginManage : Loaded plugins [17]
2023-12-20 12:16:55,932 [INFO] PinOutPanel:1499 - setPackage(No Configuration,No Configuration)
2023-12-20 12:16:55,982 [INFO] CADModel:165 - CPN selected for project level
2023-12-20 12:16:55,982 [INFO] CADModel:114 - Register for checkConnection events
2023-12-20 12:16:55,998 [INFO] IPUIPlugin:80 - create IPUIPlugin
2023-12-20 12:16:55,998 [INFO] PluginManager:220 - loadIPPluginJar : add adc
2023-12-20 12:16:56,000 [INFO] IPUIPlugin:80 - create IPUIPlugin
2023-12-20 12:16:56,001 [INFO] PluginManager:220 - loadIPPluginJar : add aes
2023-12-20 12:16:56,003 [INFO] IPUIPlugin:80 - create IPUIPlugin
2023-12-20 12:16:56,003 [INFO] PluginManager:220 - loadIPPluginJar : add can
2023-12-20 12:16:56,004 [INFO] IPUIPlugin:80 - create IPUIPlugin
2023-12-20 12:16:56,005 [INFO] PluginManager:220 - loadIPPluginJar : add comp
2023-12-20 12:16:56,007 [INFO] IPUIPlugin:80 - create IPUIPlugin
2023-12-20 12:16:56,007 [INFO] PluginManager:220 - loadIPPluginJar : add cryp
2023-12-20 12:16:56,008 [INFO] IPUIPlugin:80 - create IPUIPlugin
2023-12-20 12:16:56,008 [INFO] PluginManager:220 - loadIPPluginJar : add dfsdm
2023-12-20 12:16:56,013 [INFO] IPUIPlugin:80 - create IPUIPlugin
2023-12-20 12:16:56,013 [INFO] PluginManager:220 - loadIPPluginJar : add dma
2023-12-20 12:16:56,015 [INFO] IPUIPlugin:80 - create IPUIPlugin
2023-12-20 12:16:56,015 [INFO] PluginManager:220 - loadIPPluginJar : add dma3
2023-12-20 12:16:56,016 [INFO] IPUIPlugin:80 - create IPUIPlugin
2023-12-20 12:16:56,016 [INFO] PluginManager:220 - loadIPPluginJar : add fatfs
2023-12-20 12:16:56,019 [INFO] IPUIPlugin:80 - create IPUIPlugin
2023-12-20 12:16:56,019 [INFO] PluginManager:220 - loadIPPluginJar : add fmc
2023-12-20 12:16:56,024 [INFO] IPUIPlugin:80 - create IPUIPlugin
2023-12-20 12:16:56,024 [INFO] PluginManager:220 - loadIPPluginJar : add freertos
2023-12-20 12:16:56,025 [INFO] IPUIPlugin:80 - create IPUIPlugin
2023-12-20 12:16:56,025 [INFO] PluginManager:220 - loadIPPluginJar : add genericplugin
2023-12-20 12:16:56,027 [INFO] IPUIPlugin:80 - create IPUIPlugin
2023-12-20 12:16:56,028 [INFO] PluginManager:220 - loadIPPluginJar : add gfxmmu
2023-12-20 12:16:56,032 [INFO] IPUIPlugin:80 - create IPUIPlugin
2023-12-20 12:16:56,032 [INFO] PluginManager:220 - loadIPPluginJar : add gic
2023-12-20 12:16:56,035 [INFO] IPUIPlugin:80 - create IPUIPlugin
2023-12-20 12:16:56,035 [INFO] PluginManager:220 - loadIPPluginJar : add gpio
2023-12-20 12:16:56,038 [INFO] IPUIPlugin:80 - create IPUIPlugin
2023-12-20 12:16:56,038 [INFO] PluginManager:220 - loadIPPluginJar : add gtzc
2023-12-20 12:16:56,039 [INFO] IPUIPlugin:80 - create IPUIPlugin
2023-12-20 12:16:56,039 [INFO] PluginManager:220 - loadIPPluginJar : add hash
2023-12-20 12:16:56,040 [INFO] IPUIPlugin:80 - create IPUIPlugin
2023-12-20 12:16:56,040 [INFO] PluginManager:220 - loadIPPluginJar : add i2c
2023-12-20 12:16:56,042 [INFO] IPUIPlugin:80 - create IPUIPlugin
2023-12-20 12:16:56,042 [INFO] PluginManager:220 - loadIPPluginJar : add i2s
2023-12-20 12:16:56,044 [INFO] IPUIPlugin:80 - create IPUIPlugin
2023-12-20 12:16:56,044 [INFO] PluginManager:220 - loadIPPluginJar : add i3c
2023-12-20 12:16:56,047 [INFO] IPUIPlugin:80 - create IPUIPlugin
2023-12-20 12:16:56,047 [INFO] PluginManager:220 - loadIPPluginJar : add ipddr
2023-12-20 12:16:56,051 [INFO] IPUIPlugin:80 - create IPUIPlugin
2023-12-20 12:16:56,051 [INFO] PluginManager:220 - loadIPPluginJar : add linkedlist
2023-12-20 12:16:56,053 [INFO] IPUIPlugin:80 - create IPUIPlugin
2023-12-20 12:16:56,053 [INFO] PluginManager:220 - loadIPPluginJar : add lorawan
2023-12-20 12:16:56,054 [INFO] IPUIPlugin:80 - create IPUIPlugin
2023-12-20 12:16:56,055 [INFO] PluginManager:220 - loadIPPluginJar : add ltdc
2023-12-20 12:16:56,060 [INFO] IPUIPlugin:80 - create IPUIPlugin
2023-12-20 12:16:56,060 [INFO] PluginManager:220 - loadIPPluginJar : add mdma
2023-12-20 12:16:56,062 [INFO] IPUIPlugin:80 - create IPUIPlugin
2023-12-20 12:16:56,062 [INFO] PluginManager:220 - loadIPPluginJar : add nvic
2023-12-20 12:16:56,064 [INFO] IPUIPlugin:80 - create IPUIPlugin
2023-12-20 12:16:56,064 [INFO] PluginManager:220 - loadIPPluginJar : add opamp
2023-12-20 12:16:56,067 [INFO] IPUIPlugin:80 - create IPUIPlugin
2023-12-20 12:16:56,067 [INFO] PluginManager:220 - loadIPPluginJar : add openamp
2023-12-20 12:16:56,069 [INFO] IPUIPlugin:80 - create IPUIPlugin
2023-12-20 12:16:56,069 [INFO] PluginManager:220 - loadIPPluginJar : add pdm2pcm
2023-12-20 12:16:56,075 [INFO] IPUIPlugin:80 - create IPUIPlugin
2023-12-20 12:16:56,076 [INFO] PluginManager:220 - loadIPPluginJar : add plateformsettings
2023-12-20 12:16:56,077 [INFO] IPUIPlugin:80 - create IPUIPlugin
2023-12-20 12:16:56,077 [INFO] PluginManager:220 - loadIPPluginJar : add quadspi
2023-12-20 12:16:56,081 [INFO] IPUIPlugin:80 - create IPUIPlugin
2023-12-20 12:16:56,081 [INFO] PluginManager:220 - loadIPPluginJar : add resmgrutility
2023-12-20 12:16:56,083 [INFO] IPUIPlugin:80 - create IPUIPlugin
2023-12-20 12:16:56,083 [INFO] PluginManager:220 - loadIPPluginJar : add sai
2023-12-20 12:16:56,085 [INFO] IPUIPlugin:80 - create IPUIPlugin
2023-12-20 12:16:56,085 [INFO] PluginManager:220 - loadIPPluginJar : add spi
2023-12-20 12:16:56,088 [INFO] IPUIPlugin:80 - create IPUIPlugin
2023-12-20 12:16:56,088 [INFO] PluginManager:220 - loadIPPluginJar : add stm32_wpan
2023-12-20 12:16:56,089 [INFO] IPUIPlugin:80 - create IPUIPlugin
2023-12-20 12:16:56,089 [INFO] PluginManager:220 - loadIPPluginJar : add tim
2023-12-20 12:16:56,092 [INFO] IPUIPlugin:80 - create IPUIPlugin
2023-12-20 12:16:56,092 [INFO] PluginManager:220 - loadIPPluginJar : add touchsensing
2023-12-20 12:16:56,093 [INFO] IPUIPlugin:80 - create IPUIPlugin
2023-12-20 12:16:56,093 [INFO] PluginManager:220 - loadIPPluginJar : add tracer_emb
2023-12-20 12:16:56,094 [INFO] IPUIPlugin:80 - create IPUIPlugin
2023-12-20 12:16:56,094 [INFO] PluginManager:220 - loadIPPluginJar : add ts
2023-12-20 12:16:56,095 [INFO] IPUIPlugin:80 - create IPUIPlugin
2023-12-20 12:16:56,095 [INFO] PluginManager:220 - loadIPPluginJar : add tsc
2023-12-20 12:16:56,096 [INFO] IPUIPlugin:80 - create IPUIPlugin
2023-12-20 12:16:56,096 [INFO] PluginManager:220 - loadIPPluginJar : add ucpd
2023-12-20 12:16:56,097 [INFO] IPUIPlugin:80 - create IPUIPlugin
2023-12-20 12:16:56,097 [INFO] PluginManager:220 - loadIPPluginJar : add usart
2023-12-20 12:16:56,100 [INFO] IPUIPlugin:80 - create IPUIPlugin
2023-12-20 12:16:56,100 [INFO] PluginManager:220 - loadIPPluginJar : add usbx
2023-12-20 12:16:56,209 [INFO] CADModel:165 - CPN selected for project level
2023-12-20 12:16:56,210 [INFO] CADModel:114 - Register for checkConnection events
2023-12-20 12:16:56,210 [FATAL] Updater:308 - Updater called before beeing initialized
2023-12-20 12:16:56,210 [ERROR] CADModel:125 - Updater not yet initialized, retry later 
2023-12-20 12:16:56,303 [INFO] CADModel:165 - CPN selected for project level
2023-12-20 12:16:56,303 [INFO] CADModel:114 - Register for checkConnection events
2023-12-20 12:16:56,303 [FATAL] Updater:308 - Updater called before beeing initialized
2023-12-20 12:16:56,303 [ERROR] CADModel:125 - Updater not yet initialized, retry later 
2023-12-20 12:16:56,306 [FATAL] Updater:308 - Updater called before beeing initialized
2023-12-20 12:16:56,389 [FATAL] Updater:308 - Updater called before beeing initialized
2023-12-20 12:16:56,392 [INFO] DbMcusAds:53 - JSON generation date=Wed Nov 29 10:52:28 GMT 2023 (1701255148358)
2023-12-20 12:16:56,392 [FATAL] Updater:308 - Updater called before beeing initialized
2023-12-20 12:16:56,431 [WARN] DetailPanel:346 - Failed to get advertising image, set to default
2023-12-20 12:16:56,490 [FATAL] Updater:308 - Updater called before beeing initialized
2023-12-20 12:16:56,492 [FATAL] Updater:308 - Updater called before beeing initialized
2023-12-20 12:16:56,492 [FATAL] Updater:308 - Updater called before beeing initialized
2023-12-20 12:16:56,492 [WARN] DetailPanel:346 - Failed to get advertising image, set to default
2023-12-20 12:16:56,493 [FATAL] Updater:308 - Updater called before beeing initialized
2023-12-20 12:16:56,526 [ERROR] Updater:1120 - MainUpdater not yet initialized. External WinMGr cannot be set.
2023-12-20 12:16:56,529 [INFO] Updater:1056 - Updater Version found : 6.10.0
2023-12-20 12:16:56,546 [INFO] ApplicationProperties:184 - Using Application install path: C:\ST\STM32CubeIDE_1.10.1\STM32CubeIDE\plugins\com.st.stm32cube.common.mx_6.10.0.202311202037
2023-12-20 12:16:58,117 [ERROR] LogOutputStream:75 - [STDERR_REDIRECT] Dec 20, 2023 12:16:58 PM java.util.prefs.WindowsPreferences <init>
2023-12-20 12:16:58,118 [ERROR] LogOutputStream:75 - [STDERR_REDIRECT] WARNING: Could not open/create prefs root node Software\JavaSoft\Prefs at root 0xffffffff80000002. Windows RegCreateKeyEx(...) returned error code 5.
2023-12-20 12:16:58,118 [ERROR] LogOutputStream:75 - [STDERR_REDIRECT] 
2023-12-20 12:16:58,474 [INFO] MainUpdater:2873 - connection check result : 10
2023-12-20 12:16:58,475 [INFO] MainUpdater:290 - Updater Check For Update Now.
2023-12-20 12:16:58,475 [INFO] MicroXplorer:498 - Change Database Version : DB.6.0.100
2023-12-20 12:16:58,481 [INFO] McuFinderGlobals:63 - Set McuFinder mode to 2 (CubeIDE integrated)
2023-12-20 12:16:58,481 [INFO] UserAuth:180 - activating auth plugin
2023-12-20 12:16:58,484 [INFO] UserAuth:404 - Internet connection configuration mode: 1
2023-12-20 12:16:58,507 [INFO] JxBrowserEngine:152 - Initiate JxBrowser Engine with user profile folder
2023-12-20 12:16:58,618 [INFO] CheckServerUpdateThread:120 - End of CheckServer Thread
2023-12-20 12:16:58,790 [WARN] PackLoader:240 - Cannot read IP mode file for STMicroelectronics.X-CUBE-SMBUS.2.1.0
2023-12-20 12:16:58,797 [WARN] PackLoader:240 - Cannot read IP mode file for STMicroelectronics.X-CUBE-TOUCHGFX.4.23.0
2023-12-20 12:16:58,815 [WARN] PackLoader:240 - Cannot read IP mode file for STMicroelectronics.X-CUBE-AZRTOS-F7.1.1.0
2023-12-20 12:16:58,882 [WARN] PackLoader:240 - Cannot read IP mode file for STMicroelectronics.FP-SNS-MOTENV1.4.3.2
2023-12-20 12:16:58,890 [WARN] PackLoader:240 - Cannot read IP mode file for STMicroelectronics.X-CUBE-BLE1.6.2.3
2023-12-20 12:16:58,895 [WARN] PackLoader:240 - Cannot read IP mode file for STMicroelectronics.X-CUBE-BLE1.6.2.4
2023-12-20 12:16:58,899 [WARN] PackLoader:240 - Cannot read IP mode file for STMicroelectronics.FP-SNS-FLIGHT1.5.0.2
2023-12-20 12:16:58,904 [WARN] PackLoader:240 - Cannot read IP mode file for STMicroelectronics.X-CUBE-DISPLAY.3.0.0
2023-12-20 12:16:58,909 [WARN] PackLoader:240 - Cannot read IP mode file for STMicroelectronics.X-CUBE-BLE1.7.0.0
2023-12-20 12:16:58,912 [WARN] PackLoader:240 - Cannot read IP mode file for STMicroelectronics.X-CUBE-TOUCHGFX.4.22.1
2023-12-20 12:16:58,932 [WARN] PackLoader:240 - Cannot read IP mode file for STMicroelectronics.X-CUBE-MEMS1.9.3.0
2023-12-20 12:16:59,041 [WARN] PackLoader:240 - Cannot read IP mode file for STMicroelectronics.FP-SNS-SMARTAG2.1.2.0
2023-12-20 12:16:59,050 [INFO] LogOutputStream:77 - [STDOUT_REDIRECT] 1 : Invalid condition id : UX_CORESTACK_Condition cause : null
2023-12-20 12:16:59,051 [INFO] LogOutputStream:77 - [STDOUT_REDIRECT] 1 : Invalid condition id : UX_CORESTACK_Condition cause : null
2023-12-20 12:16:59,052 [INFO] LogOutputStream:77 - [STDOUT_REDIRECT] 1 : Invalid condition id : UX_CORESTACK_Condition cause : null
2023-12-20 12:16:59,053 [INFO] LogOutputStream:77 - [STDOUT_REDIRECT] 1 : Invalid condition id : UX_CORESTACK_Condition cause : null
2023-12-20 12:16:59,054 [INFO] LogOutputStream:77 - [STDOUT_REDIRECT] 1 : Invalid condition id : UX_CORESTACK_Condition cause : null
2023-12-20 12:16:59,055 [WARN] PackLoader:240 - Cannot read IP mode file for STMicroelectronics.X-CUBE-AZRTOS-WL.2.0.0
2023-12-20 12:16:59,061 [WARN] PackLoader:240 - Cannot read IP mode file for WES.I-CUBE-Cesium.1.3.0
2023-12-20 12:16:59,064 [WARN] PackLoader:240 - Cannot read IP mode file for STMicroelectronics.X-CUBE-BLE2.3.3.0
2023-12-20 12:16:59,067 [WARN] PackLoader:240 - Cannot read IP mode file for STMicroelectronics.X-CUBE-DISPLAY.2.2.0
2023-12-20 12:16:59,073 [WARN] PackLoader:240 - Cannot read IP mode file for STMicroelectronics.X-CUBE-TOF1.3.2.0
2023-12-20 12:16:59,083 [WARN] PackLoader:240 - Cannot read IP mode file for STMicroelectronics.X-CUBE-AZRTOS-H7.2.1.0
2023-12-20 12:16:59,086 [WARN] PackLoader:240 - Cannot read IP mode file for STMicroelectronics.X-CUBE-TOUCHGFX.4.21.1
2023-12-20 12:16:59,088 [WARN] PackLoader:240 - Cannot read IP mode file for STMicroelectronics.X-CUBE-TOUCHGFX.4.21.3
2023-12-20 12:16:59,091 [WARN] PackLoader:240 - Cannot read IP mode file for STMicroelectronics.X-CUBE-AI.7.3.0
2023-12-20 12:16:59,094 [WARN] PackLoader:240 - Cannot read IP mode file for STMicroelectronics.X-CUBE-ALGOBUILD.1.3.0
2023-12-20 12:16:59,108 [WARN] PackLoader:240 - Cannot read IP mode file for STMicroelectronics.X-CUBE-AZRTOS-G0.1.1.0
2023-12-20 12:16:59,113 [WARN] PackLoader:240 - Cannot read IP mode file for STMicroelectronics.X-CUBE-NFC4.3.0.0
2023-12-20 12:16:59,139 [WARN] PackLoader:240 - Cannot read IP mode file for SEGGER.I-CUBE-embOS.1.2.1
2023-12-20 12:16:59,164 [WARN] PackLoader:240 - Cannot read IP mode file for STMicroelectronics.X-CUBE-BLEMGR.3.0.0
2023-12-20 12:16:59,169 [WARN] PackLoader:240 - Cannot read IP mode file for STMicroelectronics.FP-ATR-SIGFOX1.3.2.0
2023-12-20 12:16:59,173 [WARN] PackLoader:240 - Cannot read IP mode file for STMicroelectronics.X-CUBE-TOUCHGFX.4.20.0
2023-12-20 12:16:59,199 [WARN] PackLoader:240 - Cannot read IP mode file for STMicroelectronics.X-CUBE-MEMS1.9.5.0
2023-12-20 12:16:59,330 [WARN] PackLoader:240 - Cannot read IP mode file for SEGGER.I-CUBE-embOS.1.3.1
2023-12-20 12:16:59,365 [WARN] PackLoader:240 - Cannot read IP mode file for STMicroelectronics.X-CUBE-GNSS1.6.0.0
2023-12-20 12:16:59,374 [WARN] PackLoader:240 - Cannot read IP mode file for STMicroelectronics.X-CUBE-AZRTOS-F4.1.1.0
2023-12-20 12:16:59,383 [WARN] PackLoader:240 - Cannot read IP mode file for STMicroelectronics.X-CUBE-BLEMGR.1.2.0
2023-12-20 12:16:59,391 [WARN] PackLoader:240 - Cannot read IP mode file for STMicroelectronics.X-CUBE-AZRTOS-L5.2.0.0
2023-12-20 12:16:59,410 [WARN] PackLoader:240 - Cannot read IP mode file for STMicroelectronics.X-CUBE-MEMS1.9.6.0
2023-12-20 12:16:59,472 [WARN] PackLoader:240 - Cannot read IP mode file for STMicroelectronics.X-CUBE-EEPRMA1.4.2.0
2023-12-20 12:16:59,476 [WARN] PackLoader:240 - Cannot read IP mode file for ITTIA_DB.I-CUBE-ITTIADB.8.8.0
2023-12-20 12:16:59,480 [WARN] PackLoader:240 - Cannot read IP mode file for emotas.I-CUBE-CANOPEN.1.1.3
2023-12-20 12:16:59,484 [WARN] PackLoader:240 - Cannot read IP mode file for STMicroelectronics.X-CUBE-BLEMGR.2.0.0
2023-12-20 12:16:59,488 [WARN] PackLoader:240 - Cannot read IP mode file for STMicroelectronics.X-CUBE-NFC4.2.0.5
2023-12-20 12:16:59,496 [WARN] ConditionMgr:438 - getConditionDescription Invalid condition id : UX DEVICE CLASS RTOS Condition cause : null
2023-12-20 12:16:59,496 [WARN] ConditionMgr:438 - getConditionDescription Invalid condition id : UX DEVICE CLASS RTOS Condition cause : null
2023-12-20 12:16:59,497 [WARN] PackLoader:240 - Cannot read IP mode file for STMicroelectronics.X-CUBE-AZRTOS-H7.3.1.0
2023-12-20 12:16:59,498 [WARN] ConditionMgr:1039 - genDependencies : Invalid condition id : UX DEVICE CLASS RTOS Condition cause : null
2023-12-20 12:16:59,498 [WARN] ConditionMgr:1039 - genDependencies : Invalid condition id : UX DEVICE CLASS RTOS Condition cause : null
2023-12-20 12:16:59,499 [WARN] ConditionMgr:1039 - genDependencies : Invalid condition id : UX DEVICE CLASS RTOS Condition cause : null
2023-12-20 12:16:59,499 [WARN] ConditionMgr:1039 - genDependencies : Invalid condition id : UX DEVICE CLASS RTOS Condition cause : null
2023-12-20 12:16:59,499 [WARN] ConditionMgr:1039 - genDependencies : Invalid condition id : UX DEVICE CLASS RTOS Condition cause : null
2023-12-20 12:16:59,503 [WARN] PackLoader:240 - Cannot read IP mode file for wolfSSL.I-CUBE-wolfSSL.5.5.3
2023-12-20 12:16:59,504 [INFO] WebApp:161 - Instantiating new browser for Auth
2023-12-20 12:16:59,507 [WARN] PackLoader:240 - Cannot read IP mode file for STMicroelectronics.X-CUBE-NFC7.1.0.1
2023-12-20 12:16:59,510 [WARN] PackLoader:240 - Cannot read IP mode file for STMicroelectronics.X-CUBE-NFC7.1.0.0
2023-12-20 12:16:59,515 [WARN] PackLoader:240 - Cannot read IP mode file for STMicroelectronics.X-CUBE-NFC6.3.0.0
2023-12-20 12:16:59,519 [WARN] PackLoader:240 - Cannot read IP mode file for STMicroelectronics.X-CUBE-EEPRMA1.4.1.0
2023-12-20 12:16:59,524 [WARN] PackLoader:240 - Cannot read IP mode file for STMicroelectronics.X-CUBE-AI.8.1.0
2023-12-20 12:16:59,539 [WARN] ConditionMgr:438 - getConditionDescription Invalid condition id : LAN8742 Phy interface Condition cause : null
2023-12-20 12:16:59,540 [WARN] PackLoader:240 - Cannot read IP mode file for STMicroelectronics.X-CUBE-AZRTOS-L4.2.0.0
2023-12-20 12:16:59,540 [WARN] ConditionMgr:1039 - genDependencies : Invalid condition id : LAN8742 Phy interface Condition cause : null
2023-12-20 12:16:59,541 [WARN] ConditionMgr:1039 - genDependencies : Invalid condition id : LAN8742 Phy interface Condition cause : null
2023-12-20 12:16:59,541 [WARN] ConditionMgr:1039 - genDependencies : Invalid condition id : LAN8742 Phy interface Condition cause : null
2023-12-20 12:16:59,550 [WARN] PackLoader:240 - Cannot read IP mode file for STMicroelectronics.X-CUBE-SFXS2LP1.4.0.0
2023-12-20 12:16:59,564 [WARN] PackLoader:240 - Cannot read IP mode file for STMicroelectronics.X-CUBE-AZRTOS-H7.3.0.0
2023-12-20 12:16:59,569 [WARN] PackLoader:240 - Cannot read IP mode file for STMicroelectronics.X-CUBE-ISPU.1.1.0
2023-12-20 12:16:59,579 [WARN] PackLoader:240 - Cannot read IP mode file for RoweBots.I-CUBE-UNISONRTOS.5.5.0-4
2023-12-20 12:16:59,583 [WARN] PackLoader:240 - Cannot read IP mode file for STMicroelectronics.X-CUBE-AI.8.0.0
2023-12-20 12:16:59,591 [WARN] ConditionMgr:438 - getConditionDescription Invalid condition id : UX DEVICE CLASS RTOS Condition cause : null
2023-12-20 12:16:59,591 [WARN] ConditionMgr:438 - getConditionDescription Invalid condition id : UX DEVICE CLASS RTOS Condition cause : null
2023-12-20 12:16:59,592 [WARN] PackLoader:240 - Cannot read IP mode file for STMicroelectronics.X-CUBE-AZRTOS-WB.2.0.0
2023-12-20 12:16:59,592 [WARN] ConditionMgr:1039 - genDependencies : Invalid condition id : UX DEVICE CLASS RTOS Condition cause : null
2023-12-20 12:16:59,592 [WARN] ConditionMgr:1039 - genDependencies : Invalid condition id : UX DEVICE CLASS RTOS Condition cause : null
2023-12-20 12:16:59,592 [WARN] ConditionMgr:1039 - genDependencies : Invalid condition id : UX DEVICE CLASS RTOS Condition cause : null
2023-12-20 12:16:59,593 [WARN] ConditionMgr:1039 - genDependencies : Invalid condition id : UX DEVICE CLASS RTOS Condition cause : null
2023-12-20 12:16:59,593 [WARN] ConditionMgr:1039 - genDependencies : Invalid condition id : UX DEVICE CLASS RTOS Condition cause : null
2023-12-20 12:16:59,600 [WARN] PackLoader:240 - Cannot read IP mode file for STMicroelectronics.X-CUBE-FREERTOS.1.0.0
2023-12-20 12:16:59,606 [WARN] PackLoader:240 - Cannot read IP mode file for STMicroelectronics.X-CUBE-FREERTOS.1.0.1
2023-12-20 12:16:59,614 [WARN] PackLoader:240 - Cannot read IP mode file for STMicroelectronics.X-CUBE-AZRTOS-L5.1.1.0
2023-12-20 12:16:59,623 [WARN] PackLoader:240 - Cannot read IP mode file for STMicroelectronics.X-CUBE-SUBG2.5.0.0
2023-12-20 12:16:59,632 [WARN] PackLoader:240 - Cannot read IP mode file for STMicroelectronics.X-CUBE-AZRTOS-G4.2.0.0
2023-12-20 12:16:59,637 [WARN] PackLoader:240 - Cannot read IP mode file for STMicroelectronics.X-CUBE-TOF1.3.3.0
2023-12-20 12:16:59,643 [WARN] PackLoader:240 - Cannot read IP mode file for STMicroelectronics.FP-ATR-ASTRA1.1.1.1
2023-12-20 12:16:59,651 [WARN] PackLoader:240 - Cannot read IP mode file for Infineon.AIROC-Wi-Fi-Bluetooth-STM32.1.5.1
2023-12-20 12:16:59,658 [WARN] PackLoader:240 - Cannot read IP mode file for STMicroelectronics.FP-SNS-MOTENVWB1.1.3.1
2023-12-20 12:16:59,668 [WARN] PackLoader:240 - Cannot read IP mode file for STMicroelectronics.X-CUBE-AZRTOS-G4.1.0.0
2023-12-20 12:16:59,677 [WARN] PackLoader:240 - Cannot read IP mode file for STMicroelectronics.X-CUBE-AZRTOS-L4.1.0.0
2023-12-20 12:16:59,684 [WARN] PackLoader:240 - Cannot read IP mode file for STMicroelectronics.X-CUBE-ISPU.2.0.0
2023-12-20 12:16:59,717 [WARN] PackLoader:240 - Cannot read IP mode file for STMicroelectronics.X-CUBE-MEMS1.10.0.0
2023-12-20 12:16:59,774 [WARN] PackLoader:240 - Cannot read IP mode file for STMicroelectronics.X-CUBE-FREERTOS.1.1.0
2023-12-20 12:16:59,782 [WARN] PackLoader:240 - Cannot read IP mode file for STMicroelectronics.X-CUBE-AZRTOS-WL.1.0.0
2023-12-20 12:16:59,790 [WARN] PackLoader:240 - Cannot read IP mode file for portGmbH.I-Cube-SoM-uGOAL.1.1.0
2023-12-20 12:16:59,793 [WARN] PackLoader:240 - Cannot read IP mode file for STMicroelectronics.X-CUBE-ALS.1.0.1
2023-12-20 12:16:59,799 [WARN] PackLoader:240 - Cannot read IP mode file for STMicroelectronics.X-CUBE-AZRTOS-WB.1.1.0
2023-12-20 12:16:59,807 [WARN] PackLoader:240 - Cannot read IP mode file for STMicroelectronics.X-CUBE-AZRTOS-L5.1.0.0
2023-12-20 12:16:59,811 [WARN] PackLoader:240 - Cannot read IP mode file for STMicroelectronics.X-CUBE-EEPRMA1.3.1.1
2023-12-20 12:16:59,815 [WARN] PackLoader:240 - Cannot read IP mode file for STMicroelectronics.FP-ATR-ASTRA1.2.0.0
2023-12-20 12:16:59,822 [WARN] PackLoader:240 - Cannot read IP mode file for STMicroelectronics.X-CUBE-TOF1.3.4.0
2023-12-20 12:16:59,835 [WARN] PackLoader:240 - Cannot read IP mode file for STMicroelectronics.X-CUBE-AZRTOS-H7.3.2.0
2023-12-20 12:16:59,837 [INFO] ThirdParty:978 - Integrity check success = true
2023-12-20 12:16:59,838 [INFO] IntegrityCheckThread:100 - exiting critical section [integrity check]
2023-12-20 12:16:59,838 [INFO] IntegrityCheckThread:103 - End integrity checks thread
2023-12-20 12:17:00,179 [INFO] WebApp:780 - Register for checkConnection events
2023-12-20 12:17:00,179 [INFO] WebApp:414 - Apply proxy settings
2023-12-20 12:17:00,180 [INFO] WebApp:499 - Chromium requires no authentication
2023-12-20 12:17:00,183 [INFO] WebApp:442 - Direct internet connection detected
2023-12-20 12:17:00,280 [INFO] WebApp:192 - Starting web application
2023-12-20 12:17:00,280 [INFO] WebApp:544 - Web application path used C:\ST\STM32CubeIDE_1.10.1\STM32CubeIDE\plugins\com.st.stm32cube.common.mx_6.10.0.202311202037\db\plugins\mcufinder\reactClient1\index.html
2023-12-20 12:17:20,741 [ERROR] LogOutputStream:75 - [STDERR_REDIRECT] SLF4J: Failed to load class "org.slf4j.impl.StaticLoggerBinder".
2023-12-20 12:17:20,742 [ERROR] LogOutputStream:75 - [STDERR_REDIRECT] SLF4J: Defaulting to no-operation (NOP) logger implementation
2023-12-20 12:17:20,743 [ERROR] LogOutputStream:75 - [STDERR_REDIRECT] SLF4J: See http://www.slf4j.org/codes.html#StaticLoggerBinder for further details.
