2023-12-17 22:44:32,641 [INFO] MainUpdater:2873 - connection check result : 10
2023-12-17 22:44:32,851 [INFO] McuFinderGlobals:76 - Set McuFinderConnectedMode to true
2023-12-17 22:44:32,852 [INFO] MultiScanPanel:200 - Auto-refresh data requested => check proxy status ongoing
2023-12-17 22:44:32,853 [INFO] FinderPluginLoader:95 - Searching for filters in installed packs
2023-12-17 22:44:33,303 [INFO] LoadUrlFilesThread:185 - End of LoadServerUrlFiles without Thread
2023-12-17 22:44:33,304 [INFO] DetailPanel:341 - Set advertising image to C:/Users/jaywe/STM32Cube/Repository/\en.prom-stm32wl3-mcu-finder.jpg
2023-12-17 22:44:37,627 [INFO] MultiScanPanel:200 - Auto-refresh data requested => check proxy status ongoing
2023-12-17 22:44:37,679 [INFO] LoadUrlFilesThread:185 - End of LoadServerUrlFiles without Thread
2023-12-17 22:44:37,679 [INFO] DetailPanel:341 - Set advertising image to C:/Users/jaywe/STM32Cube/Repository/\en.prom-stm32wl3-mcu-finder.jpg
2023-12-17 22:44:40,047 [INFO] ApiDb:581 - Connected to CubeFinder SQLite database (C:\Users\jaywe\.stmcufinder\plugins\mcufinder\mcu\cube-finder-db.db)
2023-12-17 22:45:41,736 [INFO] MainUpdater:2873 - connection check result : 10
2023-12-17 22:45:41,736 [INFO] MainUpdater:2873 - connection check result : 10
2023-12-17 22:45:41,826 [INFO] MicroXplorer:468 - Change Database Path : 
2023-12-17 22:45:41,826 [INFO] MicroXplorer:498 - Change Database Version : DB.6.0.100
2023-12-17 22:45:41,830 [WARN] ThirdParty:871 - waiting for thirdparty lock release [close project]
2023-12-17 22:45:41,831 [INFO] ThirdParty:873 - entering critical section [close project]
2023-12-17 22:45:41,883 [INFO] ThirdParty:883 - exiting critical section [close project]
2023-12-17 22:45:41,886 [INFO] PinOutPanel:1499 - setPackage(No Configuration,No Configuration)
2023-12-17 22:45:41,890 [INFO] UtilMem:75 - Begin LoadConfig() Used Memory: 412373136 Bytes (681574400)
2023-12-17 22:45:41,896 [INFO] OpenFileManager:312 - Change cursor
2023-12-17 22:45:41,948 [INFO] ProjectFactory:440 - No CPN specified for board NUCLEO-F429ZI => set CPN to STM32F429ZIT6
2023-12-17 22:45:41,951 [INFO] Mcu:2016 - Initializing MCU STM32F429ZITx STM32F429ZITx STM32F429ZIT6
2023-12-17 22:45:44,287 [INFO] Context:659 - Trying to add GPIOservice into a context  which must be forbidden
2023-12-17 22:45:44,607 [INFO] Rule:228 - rule 117617 - U5Cobra4M][GTZC] default value MPCBB3 and MPCBB5 - Not Secured memory - MPCBB1 is applicable
2023-12-17 22:45:44,607 [INFO] Rule:228 - rule 117617 - U5Cobra4M][GTZC] default value MPCBB3 and MPCBB5 - Not Secured memory - MPCBB1 is applicable
2023-12-17 22:45:44,607 [INFO] Rule:228 - rule 117617 - U5Cobra4M][GTZC] default value MPCBB3 and MPCBB5 - Not Secured memory - MPCBB2 is applicable
2023-12-17 22:45:44,607 [INFO] Rule:228 - rule 117617 - U5Cobra4M][GTZC] default value MPCBB3 and MPCBB5 - Not Secured memory - MPCBB2 is applicable
2023-12-17 22:45:44,607 [INFO] Rule:228 - rule 117617 - U5Cobra4M][GTZC] default value MPCBB3 and MPCBB5 - Not Secured memory - MPCBB3 is applicable
2023-12-17 22:45:44,607 [INFO] Rule:228 - rule 117617 - U5Cobra4M][GTZC] default value MPCBB3 and MPCBB5 - Not Secured memory - MPCBB3 is applicable
2023-12-17 22:45:44,607 [INFO] Rule:228 - rule 117617 - U5Cobra4M][GTZC] default value MPCBB3 and MPCBB5 - Not Secured memory - MPCBB4 is applicable
2023-12-17 22:45:44,607 [INFO] Rule:228 - rule 117617 - U5Cobra4M][GTZC] default value MPCBB3 and MPCBB5 - Not Secured memory - MPCBB4 is applicable
2023-12-17 22:45:44,607 [INFO] Rule:228 - rule 117617 - U5Cobra4M][GTZC] default value MPCBB3 and MPCBB5 - Secured memory - MPCBB1 is applicable
2023-12-17 22:45:44,607 [INFO] Rule:228 - rule 117617 - U5Cobra4M][GTZC] default value MPCBB3 and MPCBB5 - Secured memory - MPCBB2 is applicable
2023-12-17 22:45:44,607 [INFO] Rule:228 - rule 117617 - U5Cobra4M][GTZC] default value MPCBB3 and MPCBB5 - Secured memory - MPCBB3 is applicable
2023-12-17 22:45:44,607 [INFO] Rule:228 - rule 117617 - U5Cobra4M][GTZC] default value MPCBB3 and MPCBB5 - Secured memory - MPCBB4 is applicable
2023-12-17 22:45:44,607 [INFO] Rule:228 - rule 117617 - U5Cobra4M][GTZC] default value MPCBB3 and MPCBB5 - Privileged memory - MPCBB1 is applicable
2023-12-17 22:45:44,607 [INFO] Rule:228 - rule 117617 - U5Cobra4M][GTZC] default value MPCBB3 and MPCBB5 - Privileged memory - MPCBB2 is applicable
2023-12-17 22:45:44,607 [INFO] Rule:228 - rule 117617 - U5Cobra4M][GTZC] default value MPCBB3 and MPCBB5 - Privileged memory - MPCBB3 is applicable
2023-12-17 22:45:44,607 [INFO] Rule:228 - rule 117617 - U5Cobra4M][GTZC] default value MPCBB3 and MPCBB5 - Privileged memory - MPCBB4 is applicable
2023-12-17 22:45:44,607 [INFO] Rule:228 - rule 117617 - U5Cobra4M][GTZC] default value MPCBB3 and MPCBB5 - Not Privileged memory - MPCBB1 is applicable
2023-12-17 22:45:44,607 [INFO] Rule:228 - rule 117617 - U5Cobra4M][GTZC] default value MPCBB3 and MPCBB5 - Not Privileged memory - MPCBB2 is applicable
2023-12-17 22:45:44,607 [INFO] Rule:228 - rule 117617 - U5Cobra4M][GTZC] default value MPCBB3 and MPCBB5 - Not Privileged memory - MPCBB3 is applicable
2023-12-17 22:45:44,607 [INFO] Rule:228 - rule 117617 - U5Cobra4M][GTZC] default value MPCBB3 and MPCBB5 - Not Privileged memory - MPCBB4 is applicable
2023-12-17 22:45:44,607 [INFO] Rule:228 - rule 117617 - U5Cobra4M][GTZC] default value MPCBB3 and MPCBB5 - Privileged memory - MPCBB1 is applicable
2023-12-17 22:45:44,607 [INFO] Rule:228 - rule 117617 - U5Cobra4M][GTZC] default value MPCBB3 and MPCBB5 - Privileged memory - MPCBB2 is applicable
2023-12-17 22:45:44,607 [INFO] Rule:228 - rule 117617 - U5Cobra4M][GTZC] default value MPCBB3 and MPCBB5 - Privileged memory - MPCBB3 is applicable
2023-12-17 22:45:44,607 [INFO] Rule:228 - rule 117617 - U5Cobra4M][GTZC] default value MPCBB3 and MPCBB5 - Privileged memory - MPCBB4 is applicable
2023-12-17 22:45:44,607 [INFO] Rule:228 - rule 117617 - U5Cobra4M][GTZC] default value MPCBB3 and MPCBB5 - Privileged memory - MPCBB1 is applicable
2023-12-17 22:45:44,607 [INFO] Rule:228 - rule 117617 - U5Cobra4M][GTZC] default value MPCBB3 and MPCBB5 - Privileged memory - MPCBB2 is applicable
2023-12-17 22:45:44,607 [INFO] Rule:228 - rule 117617 - U5Cobra4M][GTZC] default value MPCBB3 and MPCBB5 - Privileged memory - MPCBB3 is applicable
2023-12-17 22:45:44,607 [INFO] Rule:228 - rule 117617 - U5Cobra4M][GTZC] default value MPCBB3 and MPCBB5 - Privileged memory - MPCBB4 is applicable
2023-12-17 22:45:44,607 [INFO] Rule:228 - rule 117617 - U5Cobra4M][GTZC] default value MPCBB3 and MPCBB5 - Not Privileged memory - MPCBB1 is applicable
2023-12-17 22:45:44,607 [INFO] Rule:228 - rule 117617 - U5Cobra4M][GTZC] default value MPCBB3 and MPCBB5 - Not Privileged memory - MPCBB2 is applicable
2023-12-17 22:45:44,607 [INFO] Rule:228 - rule 117617 - U5Cobra4M][GTZC] default value MPCBB3 and MPCBB5 - Not Privileged memory - MPCBB3 is applicable
2023-12-17 22:45:44,607 [INFO] Rule:228 - rule 117617 - U5Cobra4M][GTZC] default value MPCBB3 and MPCBB5 - Not Privileged memory - MPCBB4 is applicable
2023-12-17 22:45:44,607 [INFO] Rule:228 - rule 117617 - U5Cobra4M][GTZC] default value MPCBB3 and MPCBB5 - Privileged memory - MPCBB1 is applicable
2023-12-17 22:45:44,607 [INFO] Rule:228 - rule 117617 - U5Cobra4M][GTZC] default value MPCBB3 and MPCBB5 - Privileged memory - MPCBB2 is applicable
2023-12-17 22:45:44,607 [INFO] Rule:228 - rule 117617 - U5Cobra4M][GTZC] default value MPCBB3 and MPCBB5 - Privileged memory - MPCBB3 is applicable
2023-12-17 22:45:44,607 [INFO] Rule:228 - rule 117617 - U5Cobra4M][GTZC] default value MPCBB3 and MPCBB5 - Privileged memory - MPCBB4 is applicable
2023-12-17 22:45:44,607 [INFO] Rule:228 - rule Rename SubGHz_Phy SUBGHZ_APPLICATION SUBGHZ_PINGPONG to SUBGHZ_ADV_APPLICATION is applicable
2023-12-17 22:45:44,607 [INFO] Rule:228 - rule Rename Enabled to IBEACON is applicable
2023-12-17 22:45:44,607 [INFO] Rule:228 - rule GTZC_S instance for project manager is applicable
2023-12-17 22:45:44,607 [INFO] Rule:228 - rule GTZC_S instance for context M33S is applicable
2023-12-17 22:45:44,607 [INFO] Rule:228 - rule GTZC_S instance value for IP GTZC is applicable
2023-12-17 22:45:44,607 [INFO] Rule:228 - rule GTZC_S instance for mcu.IP is applicable
2023-12-17 22:45:44,607 [INFO] Rule:228 - rule GTZC_S instance for VP is applicable
2023-12-17 22:45:44,608 [INFO] Rule:228 - rule GTZC_S instance for signal is applicable
2023-12-17 22:45:44,608 [INFO] Rule:228 - rule GTZC_S instance for mcu.Pin is applicable
2023-12-17 22:45:44,608 [INFO] Rule:228 - rule GTZC_S instance for VP is applicable
2023-12-17 22:45:44,608 [INFO] Rule:228 - rule GTZC_S instance for signal is applicable
2023-12-17 22:45:44,608 [INFO] Rule:228 - rule GTZC_S instance for mcu is applicable
2023-12-17 22:45:44,608 [INFO] Rule:228 - rule GTZC_S instance for mcu.Pin is applicable
2023-12-17 22:45:44,608 [INFO] Rule:228 - rule GTZC_S instance value for IP GTZC is applicable
2023-12-17 22:45:44,608 [INFO] Rule:228 - rule GTZC_S instance for project manager is applicable
2023-12-17 22:45:44,608 [INFO] Rule:228 - rule GTZC_S instance for context M33S is applicable
2023-12-17 22:45:44,608 [INFO] Rule:228 - rule GTZC_S instance for VP is applicable
2023-12-17 22:45:44,608 [INFO] Rule:228 - rule GTZC_S instance for signal is applicable
2023-12-17 22:45:44,608 [INFO] Rule:228 - rule SPDIFRX instance for mcu is applicable
2023-12-17 22:45:44,608 [INFO] Rule:228 - rule Rename Tracer Mode is applicable
2023-12-17 22:45:44,608 [INFO] Rule:228 - rule SPDIFRX instance value for IP SPDIFRX is applicable
2023-12-17 22:45:44,608 [INFO] Rule:228 - rule SPDIFRX instance for signal is applicable
2023-12-17 22:45:44,609 [INFO] Rule:228 - rule SPDIFRX instance for project manager is applicable
2023-12-17 22:45:44,609 [INFO] Rule:228 - rule SPDIFRX instance for project manager is applicable
2023-12-17 22:45:44,609 [INFO] Rule:228 - rule ADC Scan  fix with FW F7 is applicable
2023-12-17 22:45:44,609 [INFO] Rule:228 - rule ADC Scan  fix with FW F7 is applicable
2023-12-17 22:45:44,609 [INFO] Rule:228 - rule WakeUp0 Mode is applicable
2023-12-17 22:45:44,609 [INFO] Rule:228 - rule WakeUp0 SIGNAL is applicable
2023-12-17 22:45:44,609 [INFO] Rule:228 - rule WakeUp1 Mode is applicable
2023-12-17 22:45:44,609 [INFO] Rule:228 - rule WakeUp1 SIGNAL is applicable
2023-12-17 22:45:44,609 [INFO] Rule:228 - rule WakeUp2 Mode is applicable
2023-12-17 22:45:44,609 [INFO] Rule:228 - rule WakeUp2 SIGNAL is applicable
2023-12-17 22:45:44,609 [INFO] Rule:228 - rule WakeUp4 Mode is applicable
2023-12-17 22:45:44,609 [INFO] Rule:228 - rule WakeUp4 SIGNAL is applicable
2023-12-17 22:45:44,609 [INFO] Rule:228 - rule WakeUp5 Mode is applicable
2023-12-17 22:45:44,609 [INFO] Rule:228 - rule WakeUp5 SIGNAL is applicable
2023-12-17 22:45:44,609 [INFO] Rule:228 - rule Change Default Value for LSE Drive Capability for WB family is applicable
2023-12-17 22:45:44,609 [INFO] Rule:228 - rule Change Default Value for ADC Clock Prescaler G0 family is applicable
2023-12-17 22:45:44,609 [INFO] Rule:228 - rule Rename DIE462/DIE415 pin PC14/OSC32_IN -> PC14-OSC32_IN (PC14) is applicable
2023-12-17 22:45:44,609 [INFO] Rule:228 - rule Rename DIE462/DIE415 pin PC15/OSC32_OUT -> PC15-OSC32_OUT (PC15) is applicable
2023-12-17 22:45:44,609 [INFO] Rule:228 - rule Rename DIE462/DIE415 pin PH0/OSC_IN -> PH0-OSC_IN (PH0) is applicable
2023-12-17 22:45:44,609 [INFO] Rule:228 - rule Rename DIE462/DIE415 pin PH1/OSC_OUT -> PH1-OSC_OUT (PH1) is applicable
2023-12-17 22:45:44,609 [INFO] Rule:228 - rule Rename DIE462 pin PA13 -> PA13 (JTMS/SWDIO) is applicable
2023-12-17 22:45:44,609 [INFO] Rule:228 - rule Rename DIE415 pin PA13 -> PA13 (JTMS/SWDIO) is applicable
2023-12-17 22:45:44,609 [INFO] Rule:228 - rule Rename DIE462 pin PA14 -> PA14 (JTCK/SWCLK) is applicable
2023-12-17 22:45:44,609 [INFO] Rule:228 - rule Rename DIE415 pin PA14 -> PA14 (JTCK/SWCLK) is applicable
2023-12-17 22:45:44,610 [INFO] Rule:228 - rule Rename DIE462/DIE415 pin PA15 -> PA15 (JTDI) is applicable
2023-12-17 22:45:44,610 [INFO] Rule:228 - rule Rename DIE462 pin PB3 -> PB3 (JTD0/TRACESWO) is applicable
2023-12-17 22:45:44,610 [INFO] Rule:228 - rule Rename DIE415 pin PB3 -> PB3 (JTD0-TRACESWO) is applicable
2023-12-17 22:45:44,610 [INFO] Rule:228 - rule Rename DIE462/DIE415 pin PB4 -> PB4 (NJTRST) is applicable
2023-12-17 22:45:44,610 [INFO] Rule:228 - rule Rename DIE462 pin PH3/BOOT0 -> PH3-BOOT0 (BOOT0) is applicable
2023-12-17 22:45:44,610 [INFO] Rule:228 - rule Rename CRYP DataEncryptionTypesList to Algorithm is applicable
2023-12-17 22:45:44,610 [INFO] Rule:228 - rule Rename AES DataEncryptionTypesList to Algorithm is applicable
2023-12-17 22:45:44,610 [INFO] Rule:228 - rule Rename TDESECB to CRYP_TDES_ECB is applicable
2023-12-17 22:45:44,610 [INFO] Rule:228 - rule Rename TDESCBC to CRYP_TDES_CBC is applicable
2023-12-17 22:45:44,610 [INFO] Rule:228 - rule Rename DESECB to CRYP_DES_ECB is applicable
2023-12-17 22:45:44,610 [INFO] Rule:228 - rule Rename DESCBC to CRYP_DES_CBC is applicable
2023-12-17 22:45:44,610 [INFO] Rule:228 - rule Rename AESECB to CRYP_AES_ECB is applicable
2023-12-17 22:45:44,610 [INFO] Rule:228 - rule Rename AESCBC to CRYP_AES_CBC is applicable
2023-12-17 22:45:44,610 [INFO] Rule:228 - rule Rename AESCTR to CRYP_AES_CTR is applicable
2023-12-17 22:45:44,610 [INFO] Rule:228 - rule Rename AESGCM to CRYP_AES_GCM is applicable
2023-12-17 22:45:44,610 [INFO] Rule:228 - rule Rename AESCCM to CRYP_AES_CCM is applicable
2023-12-17 22:45:44,610 [INFO] Rule:228 - rule Rename CAN TimeSeg1 to BS1 is applicable
2023-12-17 22:45:44,610 [INFO] Rule:228 - rule Rename CAN TimeSeg2 to BS2 is applicable
2023-12-17 22:45:44,610 [INFO] Rule:228 - rule Rename CAN SyncJumpWidth to SJW is applicable
2023-12-17 22:45:44,610 [INFO] Rule:228 - rule TimeTriggeredMode to TTCM is applicable
2023-12-17 22:45:44,610 [INFO] Rule:228 - rule Rename CAN AutoBusOff to ABOM is applicable
2023-12-17 22:45:44,610 [INFO] Rule:228 - rule Rename CAN AutoWakeUp to AWUM is applicable
2023-12-17 22:45:44,610 [INFO] Rule:228 - rule Rename CAN AutoRetransmission to NART is applicable
2023-12-17 22:45:44,610 [INFO] Rule:228 - rule Rename CAN ReceiveFifoLocked to RFLM is applicable
2023-12-17 22:45:44,610 [INFO] Rule:228 - rule Rename CAN TransmitFifoPriority to TXFP is applicable
2023-12-17 22:45:44,610 [INFO] Rule:228 - rule Rename HRTIMER HRTIM_OUTPUTFAULTLEVEL_HIGH in HRTIMER HRTIM_OUTPUTFAULTLEVEL_HIGHZ is applicable
2023-12-17 22:45:44,610 [INFO] Rule:228 - rule Rename TIMER TIM_CLEARINPUTSOURCE_OCREFCLR in  TIMER TIM_CLEARINPUTSOURCE_NONE for F7 family is applicable
2023-12-17 22:45:44,610 [INFO] Rule:228 - rule FDCAN_R1 - Rename FDCAN mode Master into Classic is applicable
2023-12-17 22:45:44,610 [INFO] Rule:228 - rule FDCAN_R2 - Rename FDCAN mode Slave into Classic is applicable
2023-12-17 22:45:44,610 [INFO] Rule:228 - rule FDCAN1_R3 - if PA10.Mode=FullDuplex, add Pin PA12 is applicable
2023-12-17 22:45:44,610 [INFO] Rule:228 - rule FDCAN1_R3 - if PA9.Mode=FullDuplex, add Pin PA11 is applicable
2023-12-17 22:45:44,610 [INFO] Rule:228 - rule FDCAN1_R3 - Alternatepin_1 - if PE1.Mode=FullDuplex, add Pin PB9 is applicable
2023-12-17 22:45:44,610 [INFO] Rule:228 - rule FDCAN1_R3 - Alternatepin_1 - if PE0.Mode=FullDuplex, add Pin PB8 is applicable
2023-12-17 22:45:44,610 [INFO] Rule:228 - rule FDCAN1_R3 - Alternatepin_2 - if PD5.Mode=FullDuplex, add Pin PD1 is applicable
2023-12-17 22:45:44,610 [INFO] Rule:228 - rule FDCAN1_R3 - Alternatepin_2 - if PD4.Mode=FullDuplex, add Pin PD0 is applicable
2023-12-17 22:45:44,610 [INFO] Rule:228 - rule FDCAN1_R4 - Rename Mode FullDuplex into Enable FDCAN_TXFD for pin PA10 is applicable
2023-12-17 22:45:44,610 [INFO] Rule:228 - rule FDCAN1_R4 - Rename Mode FullDuplex into Enable FDCAN_TXFD for pin PA9 is applicable
2023-12-17 22:45:44,610 [INFO] Rule:228 - rule FDCAN1_R4 - Alternatepin_1 - Rename Mode FullDuplex into Enable FDCAN_TXFD for pin PE1 is applicable
2023-12-17 22:45:44,610 [INFO] Rule:228 - rule FDCAN1_R4 - Alternatepin_1 - Rename Mode FullDuplex into Enable FDCAN_TXFD for pin PE0 is applicable
2023-12-17 22:45:44,610 [INFO] Rule:228 - rule FDCAN1_R4 - Alternatepin_2 - Rename Mode FullDuplex into Enable FDCAN_TXFD for pin PD5 is applicable
2023-12-17 22:45:44,611 [INFO] Rule:228 - rule FDCAN1_R4 - Alternatepin_2 - Rename Mode FullDuplex into Enable FDCAN_TXFD for pin PD4 is applicable
2023-12-17 22:45:44,611 [INFO] Rule:228 - rule FDCAN2_R3 - if PD10.Mode=FullDuplex, add Pin PB13 is applicable
2023-12-17 22:45:44,611 [INFO] Rule:228 - rule FDCAN2_R3 - if PD9.Mode=FullDuplex, add Pin PB12 is applicable
2023-12-17 22:45:44,611 [INFO] Rule:228 - rule FDCAN2_R3 - Alternatepin_1 - if PB7.Mode=FullDuplex, add Pin PB6 is applicable
2023-12-17 22:45:44,611 [INFO] Rule:228 - rule FDCAN2_R3 - Alternatepin_1 - if PD9.Mode=FullDuplex, add Pin PB12 is applicable
2023-12-17 22:45:44,611 [INFO] Rule:228 - rule FDCAN2_R4 - Rename Mode FullDuplex into Enable FDCAN_TXFD for pin PD10 is applicable
2023-12-17 22:45:44,611 [INFO] Rule:228 - rule FDCAN2_R4 - Rename Mode FullDuplex into Enable FDCAN_TXFD for pin PD9 is applicable
2023-12-17 22:45:44,611 [INFO] Rule:228 - rule FDCAN2_R4 - Alternatepin_1 - Rename Mode FullDuplex into Enable FDCAN_TXFD for pin PB7 is applicable
2023-12-17 22:45:44,611 [INFO] Rule:228 - rule FDCAN2_R4 - Alternatepin_1 - Rename Mode FullDuplex into Enable FDCAN_TXFD for pin PD6 is applicable
2023-12-17 22:45:44,611 [INFO] Rule:228 - rule USART TxPinLevelInvertParam Mode is applicable
2023-12-17 22:45:44,611 [INFO] Rule:228 - rule USART RxPinLevelInvertParam Mode is applicable
2023-12-17 22:45:44,611 [INFO] Rule:228 - rule USART DataInvertParam Mode is applicable
2023-12-17 22:45:44,611 [INFO] Rule:228 - rule USART SwapParam Mode is applicable
2023-12-17 22:45:44,611 [INFO] Rule:228 - rule USART OverrunDisableParam Mode is applicable
2023-12-17 22:45:44,611 [INFO] Rule:228 - rule USART DMADisableonRxErrorParam Mode is applicable
2023-12-17 22:45:44,611 [INFO] Rule:228 - rule USART MSBFirstParam Mode is applicable
2023-12-17 22:45:44,611 [INFO] Rule:228 - rule Update MwName for USB_DEVICE is applicable
2023-12-17 22:45:44,611 [INFO] Rule:228 - rule Change PWR_Regulator_Voltage_Scale Default Value for RCC  H7 family is applicable
2023-12-17 22:45:44,611 [INFO] Rule:228 - rule UART/USART IPParameter rename Prescaler parameter to ClockPrescaler is applicable
2023-12-17 22:45:44,611 [INFO] Rule:228 - rule UART/USART Prescaler rename Prescaler parameter to ClockPrescaler is applicable
2023-12-17 22:45:44,611 [INFO] Rule:228 - rule TIM1CLockSelection is applicable
2023-12-17 22:45:44,611 [INFO] Rule:228 - rule TIM15CLockSelection is applicable
2023-12-17 22:45:44,611 [INFO] Rule:228 - rule align RCC SDMMC3CLockSelection default value on MP1 is applicable
2023-12-17 22:45:44,611 [INFO] Rule:228 - rule align RCC SDMMC12CLockSelection default value on MP1 is applicable
2023-12-17 22:45:44,611 [INFO] Rule:228 - rule align RCC QSPICLockSelection default value on MP1 is applicable
2023-12-17 22:45:44,611 [INFO] Rule:228 - rule align RCC QSPICLockSelection default value on MP1 is applicable
2023-12-17 22:45:44,611 [INFO] Rule:228 - rule align RCC SPI6CLockSelection default value on MP1 is applicable
2023-12-17 22:45:44,611 [INFO] Rule:228 - rule align RCC LPTIM23CLockSelection default value on MP1 is applicable
2023-12-17 22:45:44,611 [INFO] Rule:228 - rule align RCC LPTIM1CLockSelection default value on MP1 is applicable
2023-12-17 22:45:44,611 [INFO] Rule:228 - rule align RCC USART1CLockSelection default value on MP1 is applicable
2023-12-17 22:45:44,611 [INFO] Rule:228 - rule align RCC USART24CLockSelection default value on MP1 is applicable
2023-12-17 22:45:44,611 [INFO] Rule:228 - rule align RCC USART6CLockSelection default value on MP1 is applicable
2023-12-17 22:45:44,611 [INFO] Rule:228 - rule align RCC UART78CLockSelection default value on MP1 is applicable
2023-12-17 22:45:44,611 [INFO] Rule:228 - rule align RCC USART35CLockSelection default value on MP1 is applicable
2023-12-17 22:45:44,611 [INFO] Rule:228 - rule align RCC SPI45CLockSelection default value on MP1 is applicable
2023-12-17 22:45:44,611 [INFO] Rule:228 - rule align RCC I2C46CLockSelection BCLK value on MP1 is applicable
2023-12-17 22:45:44,611 [INFO] Rule:228 - rule align RCC SPI45CLockSelection default value on MP1 is applicable
2023-12-17 22:45:44,611 [INFO] Rule:228 - rule align RCC I2C12CLockSelection default value on MP1 is applicable
2023-12-17 22:45:44,611 [INFO] Rule:228 - rule align RCC I2C35CLockSelection default value on MP1 is applicable
2023-12-17 22:45:44,611 [INFO] Rule:228 - rule align RCC LPTIM45CLockSelection default value on MP1 is applicable
2023-12-17 22:45:44,611 [INFO] Rule:228 - rule Rename DCMI PIXCK signal is applicable
2023-12-17 22:45:44,611 [INFO] Rule:228 - rule Change Default Value for I2C46CLockSelection MP1 family is applicable
2023-12-17 22:45:44,611 [INFO] Rule:228 - rule Change Default Value for UART for G4, G0 and WB families is applicable
2023-12-17 22:45:44,611 [INFO] Rule:228 - rule Change Default Value for USART for G4, G0 and WB families is applicable
2023-12-17 22:45:44,611 [INFO] Rule:228 - rule Change Default Value for USART for G4 family is applicable
2023-12-17 22:45:44,611 [INFO] Rule:228 - rule Change USART1CLockSelection refparam name for MP1 is applicable
2023-12-17 22:45:44,611 [INFO] Rule:228 - rule Change USART2CLockSelection refparam name for MP1 is applicable
2023-12-17 22:45:44,611 [INFO] Rule:228 - rule Change USART3CLockSelection refparam name for MP1 is applicable
2023-12-17 22:45:44,611 [INFO] Rule:228 - rule Change UART4CLockSelection refparam name for MP1 is applicable
2023-12-17 22:45:44,611 [INFO] Rule:228 - rule Change UART5CLockSelection refparam name for MP1 is applicable
2023-12-17 22:45:44,611 [INFO] Rule:228 - rule Change LPUART1CLockSelection refparam name for MP1 is applicable
2023-12-17 22:45:44,611 [INFO] Rule:228 - rule Change LPTIM1CLockSelection refparam name for MP1 is applicable
2023-12-17 22:45:44,611 [INFO] Rule:228 - rule Change LPTIM2CLockSelection refparam name for MP1 is applicable
2023-12-17 22:45:44,611 [INFO] Rule:228 - rule Change RCC_MCO1Source refparam name for MP1 is applicable
2023-12-17 22:45:44,611 [INFO] Rule:228 - rule Change LSCOSource1 refparam name for MP1 is applicable
2023-12-17 22:45:44,611 [INFO] Rule:228 - rule Change SMPSCLockSelection refparam name for MP1 is applicable
2023-12-17 22:45:44,612 [INFO] Rule:228 - rule Change LPTIM3CLockSelection refparam name for MP1 is applicable
2023-12-17 22:45:44,612 [INFO] Rule:228 - rule Change MPCBB* Default Template Mode to Parameters is applicable
2023-12-17 22:45:44,612 [INFO] Rule:228 - rule Change MPCWM* or MPCBB* Secure Mode to Parameters is applicable
2023-12-17 22:45:44,612 [INFO] Rule:228 - rule Change MPCWM* or MPCBB* No Secure Mode to Parameters is applicable
2023-12-17 22:45:44,612 [INFO] Rule:228 - rule Change TZSC IP Secure Mode to Parameters is applicable
2023-12-17 22:45:44,612 [INFO] Rule:228 - rule Change TZSC IP No Secure Mode to Parameters is applicable
2023-12-17 22:45:44,612 [INFO] Rule:228 - rule Change TZSC IP Privilege Mode to Parameters is applicable
2023-12-17 22:45:44,612 [INFO] Rule:228 - rule Change TZSC IP No Privilege Mode to Parameters is applicable
2023-12-17 22:45:44,612 [INFO] Rule:228 - rule Change TZIC IT Secure Mode to Parameters is applicable
2023-12-17 22:45:44,612 [INFO] Rule:228 - rule Change TZIC IT No Secure Mode to Parameters is applicable
2023-12-17 22:45:44,612 [INFO] Rule:228 - rule Add MPCBB1_NonSecureArea_Start_Address value with referenced to MPCBB1_NonSecureArea_Start value is applicable
2023-12-17 22:45:44,612 [INFO] Rule:228 - rule Add MPCBB2_NonSecureArea_Start_Address value with referenced to MPCBB2_NonSecureArea_Start value is applicable
2023-12-17 22:45:44,612 [INFO] Rule:228 - rule Add MPCWM1_NonSecureArea*_Start_Address value with referenced to MPCWM1_NonSecureArea*_Start value is applicable
2023-12-17 22:45:44,612 [INFO] Rule:228 - rule Add MPCWM2_NonSecureArea*_Start_Address value with referenced to MPCWM2_NonSecureArea*_Start value is applicable
2023-12-17 22:45:44,612 [INFO] Rule:228 - rule Add MPCWM3_NonSecureArea_Start_Address value with referenced to MPCWM3_NonSecureArea_Start value is applicable
2023-12-17 22:45:44,612 [INFO] Rule:228 - rule Change Default Value for PLL1UserDefinedConfig is applicable
2023-12-17 22:45:44,612 [INFO] Rule:228 - rule Change GPIO_PuPd Default Value for USART in async mode is applicable
2023-12-17 22:45:44,612 [INFO] Rule:228 - rule Change SMPSDivider Default Value is applicable
2023-12-17 22:45:44,612 [INFO] Rule:228 - rule OPAMP is applicable
2023-12-17 22:45:44,612 [INFO] Rule:228 - rule LPUART IPParameter rename Prescaler parameter to ClockPrescaler for STM32H7 is applicable
2023-12-17 22:45:44,612 [INFO] Rule:228 - rule LPUART IPParameter rename Prescaler parameter to ClockPrescaler for STM32H7 is applicable
2023-12-17 22:45:44,612 [INFO] Rule:228 - rule LPUART IPParameter rename Prescaler parameter to ClockPrescaler for STM32WB is applicable
2023-12-17 22:45:44,612 [INFO] Rule:228 - rule LPUART IPParameter rename Prescaler parameter to ClockPrescaler for STM32WB is applicable
2023-12-17 22:45:44,612 [INFO] Rule:228 - rule LPUART IPParameter rename Prescaler parameter to ClockPrescaler for STM32G4 is applicable
2023-12-17 22:45:44,612 [INFO] Rule:228 - rule LPUART IPParameter rename Prescaler parameter to ClockPrescaler for STM32G4 is applicable
2023-12-17 22:45:44,612 [INFO] Rule:228 - rule LPUART IPParameter rename Prescaler parameter to ClockPrescaler for STM32L5 is applicable
2023-12-17 22:45:44,612 [INFO] Rule:228 - rule LPUART IPParameter rename Prescaler parameter to ClockPrescaler for STM32L5 is applicable
2023-12-17 22:45:44,612 [INFO] Rule:228 - rule LPUART IPParameter rename Prescaler parameter to ClockPrescaler for STM32G4 is applicable
2023-12-17 22:45:44,612 [INFO] Rule:228 - rule LPUART IPParameter rename Prescaler parameter to ClockPrescaler for STM32G4 is applicable
2023-12-17 22:45:44,612 [INFO] Rule:228 - rule USB device lib V2.5.3 for L0 rename USBD_SUPPORT_USER_STRING parameter to USBD_SUPPORT_USER_STRING_DESC4 is applicable
2023-12-17 22:45:44,612 [INFO] Rule:228 - rule I2SCLockSelection clock entry align is applicable
2023-12-17 22:45:44,612 [INFO] Rule:228 - rule Assign TIMx context if used as SYS timebase is applicable
2023-12-17 22:45:44,612 [INFO] Rule:228 - rule Change GPIO_Pu Default Value for I2C is applicable
2023-12-17 22:45:44,613 [INFO] Rule:228 - rule Change GPIO_Pu Default Value for SMBus is applicable
2023-12-17 22:45:44,613 [INFO] Rule:228 - rule change FDCAN default value is applicable
2023-12-17 22:45:44,613 [INFO] Rule:228 - rule Change mode sai is applicable
2023-12-17 22:45:44,613 [INFO] Rule:228 - rule **Change sai mode is applicable
2023-12-17 22:45:44,613 [INFO] Rule:228 - rule Rename STM32WPAN CFG_BLE_IRK to CFG_BLE_IR is applicable
2023-12-17 22:45:44,613 [INFO] Rule:228 - rule Rename STM32WPAN CFG_BLE_ERK to CFG_BLE_ER is applicable
2023-12-17 22:45:44,613 [INFO] Rule:228 - rule Rename STM32WPAN CFG_BLE_IRK_HEX to CFG_BLE_IR_HEX is applicable
2023-12-17 22:45:44,613 [INFO] Rule:228 - rule Rename STM32WPAN CFG_BLE_ERK_HEX to CFG_BLE_ER_HEX is applicable
2023-12-17 22:45:44,620 [INFO] DbConfProperties:307 - Apply Compatibility (31/219 Rules)
2023-12-17 22:45:44,698 [INFO] ImportTextPane:194 - (OptionalMessage_ERROR) Unable to find key (Mcu.ThirdPartyNb) in loaded IOC file
2023-12-17 22:45:44,806 [INFO] RtosManager:555 - Registered RTOS mode: class=CMSIS, group=RTOS, mode=CMSIS_V1, owner=FREERTOS
2023-12-17 22:45:44,807 [INFO] RtosManager:555 - Registered RTOS mode: class=CMSIS, group=RTOS2, mode=CMSIS_V2, owner=FREERTOS
2023-12-17 22:45:44,807 [INFO] RtosManager:555 - Registered RTOS mode: class=RTOS, group=Core, mode=CMSIS_V1, owner=FREERTOS
2023-12-17 22:45:44,807 [INFO] RtosManager:555 - Registered RTOS mode: class=RTOS, group=Core, mode=CMSIS_V2, owner=FREERTOS
2023-12-17 22:45:44,807 [WARN] ModelIntegratedComponent:184 - Missing modes for component STMicroelectronics:FreeRTOS:0.0.1:STMicroelectronics:RTOS:FreeRTOS:Core:::10.2.0:
2023-12-17 22:45:44,818 [WARN] ModelIntegratedComponent:63 - No mode defined for component null
2023-12-17 22:45:44,818 [WARN] ModelIntegratedComponent:63 - No mode defined for component null
2023-12-17 22:45:44,818 [WARN] ModelIntegratedComponent:63 - No mode defined for component null
2023-12-17 22:45:44,818 [WARN] ModelIntegratedComponent:63 - No mode defined for component null
2023-12-17 22:45:44,818 [WARN] ModelIntegratedComponent:63 - No mode defined for component null
2023-12-17 22:45:44,818 [WARN] ModelIntegratedComponent:63 - No mode defined for component null
2023-12-17 22:45:44,818 [WARN] ModelIntegratedComponent:63 - No mode defined for component null
2023-12-17 22:45:44,818 [WARN] ModelIntegratedComponent:63 - No mode defined for component null
2023-12-17 22:45:44,818 [WARN] ModelIntegratedComponent:63 - No mode defined for component null
2023-12-17 22:45:44,818 [WARN] ModelIntegratedComponent:63 - No mode defined for component null
2023-12-17 22:45:44,818 [WARN] ModelIntegratedComponent:63 - No mode defined for component null
2023-12-17 22:45:44,818 [WARN] ModelIntegratedComponent:63 - No mode defined for component null
2023-12-17 22:45:44,818 [WARN] ModelIntegratedComponent:63 - No mode defined for component null
2023-12-17 22:45:44,818 [WARN] ModelIntegratedComponent:63 - No mode defined for component null
2023-12-17 22:45:44,818 [WARN] ModelIntegratedComponent:63 - No mode defined for component null
2023-12-17 22:45:44,818 [WARN] ModelIntegratedComponent:63 - No mode defined for component null
2023-12-17 22:45:44,818 [WARN] ModelIntegratedComponent:63 - No mode defined for component null
2023-12-17 22:45:44,818 [WARN] ModelIntegratedComponent:63 - No mode defined for component null
2023-12-17 22:45:44,818 [WARN] ModelIntegratedComponent:63 - No mode defined for component null
2023-12-17 22:45:44,818 [WARN] ModelIntegratedComponent:63 - No mode defined for component null
2023-12-17 22:45:44,818 [WARN] ModelIntegratedComponent:63 - No mode defined for component null
2023-12-17 22:45:44,818 [WARN] ModelIntegratedComponent:63 - No mode defined for component null
2023-12-17 22:45:44,818 [WARN] ModelIntegratedComponent:63 - No mode defined for component null
2023-12-17 22:45:44,818 [WARN] ModelIntegratedComponent:63 - No mode defined for component null
2023-12-17 22:45:44,818 [WARN] ModelIntegratedComponent:63 - No mode defined for component null
2023-12-17 22:45:44,818 [WARN] ModelIntegratedComponent:63 - No mode defined for component null
2023-12-17 22:45:44,818 [WARN] ModelIntegratedComponent:63 - No mode defined for component null
2023-12-17 22:45:44,818 [WARN] ModelIntegratedComponent:63 - No mode defined for component null
2023-12-17 22:45:44,818 [WARN] ModelIntegratedComponent:63 - No mode defined for component null
2023-12-17 22:45:44,818 [WARN] ModelIntegratedComponent:63 - No mode defined for component null
2023-12-17 22:45:44,818 [WARN] ModelIntegratedComponent:63 - No mode defined for component null
2023-12-17 22:45:44,818 [WARN] ModelIntegratedComponent:63 - No mode defined for component null
2023-12-17 22:45:44,818 [WARN] ModelIntegratedComponent:63 - No mode defined for component null
2023-12-17 22:45:44,973 [INFO] ThirdPartyModel:298 - Start build external matchings
2023-12-17 22:45:45,919 [INFO] ThirdPartyModel:316 - End build external matchings
2023-12-17 22:45:45,934 [INFO] ImportTextPane:194 - (OptionalMessage_ERROR) IP (ETH) : Invalid parameter (PHY_Name)
2023-12-17 22:45:45,934 [INFO] ImportTextPane:194 - (OptionalMessage_ERROR) IP (ETH) : Invalid parameter (PHY_Value)
2023-12-17 22:45:45,934 [INFO] ImportTextPane:194 - (OptionalMessage_ERROR) IP (ETH) : Invalid parameter (PhyAddress)
2023-12-17 22:45:45,935 [INFO] ImportTextPane:194 - (OptionalMessage_ERROR) IP (RCC) : Invalid parameter (ADC12outputFreq_Value)
2023-12-17 22:45:45,935 [INFO] ImportTextPane:194 - (OptionalMessage_ERROR) IP (RCC) : Invalid parameter (ADC34outputFreq_Value)
2023-12-17 22:45:45,935 [INFO] ImportTextPane:194 - (OptionalMessage_ERROR) IP (RCC) : Invalid parameter (FamilyName)
2023-12-17 22:45:45,935 [INFO] ImportTextPane:194 - (OptionalMessage_ERROR) IP (RCC) : Invalid parameter (I2C1Freq_Value)
2023-12-17 22:45:45,935 [INFO] ImportTextPane:194 - (OptionalMessage_ERROR) IP (RCC) : Invalid parameter (I2C2Freq_Value)
2023-12-17 22:45:45,935 [INFO] ImportTextPane:194 - (OptionalMessage_ERROR) IP (RCC) : Invalid parameter (I2C3Freq_Value)
2023-12-17 22:45:45,935 [INFO] ImportTextPane:194 - (OptionalMessage_ERROR) IP (RCC) : Parameter (MCO2PinFreq_Value) has invalid value (168000000)
2023-12-17 22:45:45,935 [INFO] ImportTextPane:194 - (OptionalMessage_ERROR) IP (RCC) : Invalid parameter (MCOFreq_Value)
2023-12-17 22:45:45,935 [INFO] ImportTextPane:194 - (OptionalMessage_ERROR) IP (RCC) : Invalid parameter (PLLMCOFreq_Value)
2023-12-17 22:45:45,935 [INFO] ImportTextPane:194 - (OptionalMessage_ERROR) IP (RCC) : Invalid parameter (PLLMUL)
2023-12-17 22:45:45,935 [INFO] ImportTextPane:194 - (OptionalMessage_ERROR) IP (RCC) : Invalid parameter (PRESCALERUSB)
2023-12-17 22:45:45,935 [INFO] ImportTextPane:194 - (OptionalMessage_ERROR) IP (RCC) : Parameter (RTCHSEDivFreq_Value) has invalid value (4000000)
2023-12-17 22:45:45,936 [INFO] ImportTextPane:194 - (OptionalMessage_ERROR) IP (RCC) : Invalid parameter (SYSCLKSourceVirtual)
2023-12-17 22:45:45,936 [INFO] ImportTextPane:194 - (OptionalMessage_ERROR) IP (RCC) : Invalid parameter (TIM15Freq_Value)
2023-12-17 22:45:45,936 [INFO] ImportTextPane:194 - (OptionalMessage_ERROR) IP (RCC) : Invalid parameter (TIM16Freq_Value)
2023-12-17 22:45:45,936 [INFO] ImportTextPane:194 - (OptionalMessage_ERROR) IP (RCC) : Invalid parameter (TIM17Freq_Value)
2023-12-17 22:45:45,936 [INFO] ImportTextPane:194 - (OptionalMessage_ERROR) IP (RCC) : Invalid parameter (TIM1Freq_Value)
2023-12-17 22:45:45,936 [INFO] ImportTextPane:194 - (OptionalMessage_ERROR) IP (RCC) : Invalid parameter (TIM20Freq_Value)
2023-12-17 22:45:45,936 [INFO] ImportTextPane:194 - (OptionalMessage_ERROR) IP (RCC) : Invalid parameter (TIM2Freq_Value)
2023-12-17 22:45:45,936 [INFO] ImportTextPane:194 - (OptionalMessage_ERROR) IP (RCC) : Invalid parameter (TIM3Freq_Value)
2023-12-17 22:45:45,936 [INFO] ImportTextPane:194 - (OptionalMessage_ERROR) IP (RCC) : Invalid parameter (TIM8Freq_Value)
2023-12-17 22:45:45,936 [INFO] ImportTextPane:194 - (OptionalMessage_ERROR) IP (RCC) : Invalid parameter (UART4Freq_Value)
2023-12-17 22:45:45,936 [INFO] ImportTextPane:194 - (OptionalMessage_ERROR) IP (RCC) : Invalid parameter (UART5Freq_Value)
2023-12-17 22:45:45,936 [INFO] ImportTextPane:194 - (OptionalMessage_ERROR) IP (RCC) : Invalid parameter (USART1Freq_Value)
2023-12-17 22:45:45,936 [INFO] ImportTextPane:194 - (OptionalMessage_ERROR) IP (RCC) : Invalid parameter (USART2Freq_Value)
2023-12-17 22:45:45,936 [INFO] ImportTextPane:194 - (OptionalMessage_ERROR) IP (RCC) : Invalid parameter (USART3Freq_Value)
2023-12-17 22:45:45,936 [INFO] ImportTextPane:194 - (OptionalMessage_ERROR) IP (RCC) : Invalid parameter (USBFreq_Value)
2023-12-17 22:45:45,936 [INFO] ImportTextPane:194 - (OptionalMessage_ERROR) IP (RCC) : Invalid parameter (VCOOutput2Freq_Value)
2023-12-17 22:45:46,177 [INFO] UtilMem:75 - End LoadConfig() Used Memory: 292982200 Bytes (838860800)
2023-12-17 22:45:46,284 [INFO] MicroXplorer:468 - Change Database Path : 
2023-12-17 22:45:46,285 [INFO] MicroXplorer:498 - Change Database Version : DB.6.0.100
2023-12-17 22:45:46,285 [WARN] ThirdParty:833 - waiting for thirdparty lock release [change project]
2023-12-17 22:45:46,285 [INFO] ThirdParty:835 - entering critical section [change project]
2023-12-17 22:45:46,286 [INFO] ThirdParty:1030 - CMSIS Pack Vendor :STMicroelectronics X-CUBE-ISPU 1.1.0
2023-12-17 22:45:46,286 [INFO] ThirdParty:1030 - CMSIS Pack Vendor :STMicroelectronics USBPD 4.1
2023-12-17 22:45:46,286 [INFO] ThirdParty:1030 - CMSIS Pack Vendor :RoweBots I-CUBE-UNISONRTOS 5.5.0-4
2023-12-17 22:45:46,286 [INFO] ThirdParty:1030 - CMSIS Pack Vendor :STMicroelectronics X-CUBE-GNSS1 6.0.0
2023-12-17 22:45:46,286 [INFO] ThirdParty:1030 - CMSIS Pack Vendor :STMicroelectronics X-CUBE-AZRTOS-H7 2.1.0
2023-12-17 22:45:46,286 [INFO] ThirdParty:1030 - CMSIS Pack Vendor :STMicroelectronics USB_HOST 2.0.0
2023-12-17 22:45:46,286 [INFO] ThirdParty:1030 - CMSIS Pack Vendor :STMicroelectronics X-CUBE-AZRTOS-F4 1.1.0
2023-12-17 22:45:46,286 [INFO] ThirdParty:1030 - CMSIS Pack Vendor :STMicroelectronics LIBJPEG 8.0.0
2023-12-17 22:45:46,286 [INFO] ThirdParty:1030 - CMSIS Pack Vendor :STMicroelectronics X-CUBE-SMBUS 2.1.0
2023-12-17 22:45:46,286 [INFO] ThirdParty:1030 - CMSIS Pack Vendor :STMicroelectronics USB_DEVICE 3.0.0
2023-12-17 22:45:46,286 [INFO] ThirdParty:1030 - CMSIS Pack Vendor :STMicroelectronics X-CUBE-AI 8.0.0
2023-12-17 22:45:46,286 [INFO] ThirdParty:1030 - CMSIS Pack Vendor :STMicroelectronics X-CUBE-AZRTOS-WB 2.0.0
2023-12-17 22:45:46,286 [INFO] ThirdParty:1030 - CMSIS Pack Vendor :STMicroelectronics X-CUBE-FREERTOS 1.0.0
2023-12-17 22:45:46,286 [INFO] ThirdParty:1030 - CMSIS Pack Vendor :STMicroelectronics X-CUBE-FREERTOS 1.0.1
2023-12-17 22:45:46,286 [INFO] ThirdParty:1030 - CMSIS Pack Vendor :STMicroelectronics X-CUBE-TOUCHGFX 4.21.1
2023-12-17 22:45:46,286 [INFO] ThirdParty:1030 - CMSIS Pack Vendor :STMicroelectronics X-CUBE-TOUCHGFX 4.21.3
2023-12-17 22:45:46,286 [INFO] ThirdParty:1030 - CMSIS Pack Vendor :STMicroelectronics X-CUBE-TOUCHGFX 4.23.0
2023-12-17 22:45:46,286 [INFO] ThirdParty:1030 - CMSIS Pack Vendor :STMicroelectronics X-CUBE-BLEMGR 1.2.0
2023-12-17 22:45:46,286 [INFO] ThirdParty:1030 - CMSIS Pack Vendor :STMicroelectronics X-CUBE-AZRTOS-F7 1.1.0
2023-12-17 22:45:46,286 [INFO] ThirdParty:1030 - CMSIS Pack Vendor :STMicroelectronics X-CUBE-AZRTOS-L5 2.0.0
2023-12-17 22:45:46,286 [INFO] ThirdParty:1030 - CMSIS Pack Vendor :STMicroelectronics USB_DEVICE 2.0.0
2023-12-17 22:45:46,286 [INFO] ThirdParty:1030 - CMSIS Pack Vendor :STMicroelectronics X-CUBE-AI 7.3.0
2023-12-17 22:45:46,286 [INFO] ThirdParty:1030 - CMSIS Pack Vendor :STMicroelectronics X-CUBE-MEMS1 9.6.0
2023-12-17 22:45:46,286 [INFO] ThirdParty:1030 - CMSIS Pack Vendor :STMicroelectronics X-CUBE-EEPRMA1 4.2.0
2023-12-17 22:45:46,286 [INFO] ThirdParty:1030 - CMSIS Pack Vendor :ITTIA_DB I-CUBE-ITTIADB 8.8.0
2023-12-17 22:45:46,286 [INFO] ThirdParty:1030 - CMSIS Pack Vendor :STMicroelectronics FP-SNS-MOTENV1 4.3.2
2023-12-17 22:45:46,286 [INFO] ThirdParty:1030 - CMSIS Pack Vendor :STMicroelectronics X-CUBE-BLE1 6.2.3
2023-12-17 22:45:46,286 [INFO] ThirdParty:1030 - CMSIS Pack Vendor :STMicroelectronics X-CUBE-ALGOBUILD 1.3.0
2023-12-17 22:45:46,286 [INFO] ThirdParty:1030 - CMSIS Pack Vendor :STMicroelectronics X-CUBE-BLE1 6.2.4
2023-12-17 22:45:46,286 [INFO] ThirdParty:1030 - CMSIS Pack Vendor :STMicroelectronics X-CUBE-AZRTOS-L5 1.1.0
2023-12-17 22:45:46,286 [INFO] ThirdParty:1030 - CMSIS Pack Vendor :STMicroelectronics FreeRTOS 0.0.1
2023-12-17 22:45:46,286 [INFO] ThirdParty:1030 - CMSIS Pack Vendor :STMicroelectronics X-CUBE-AZRTOS-G0 1.1.0
2023-12-17 22:45:46,286 [INFO] ThirdParty:1030 - CMSIS Pack Vendor :emotas I-CUBE-CANOPEN 1.1.3
2023-12-17 22:45:46,286 [INFO] ThirdParty:1030 - CMSIS Pack Vendor :STMicroelectronics X-CUBE-BLEMGR 2.0.0
2023-12-17 22:45:46,286 [INFO] ThirdParty:1030 - CMSIS Pack Vendor :STMicroelectronics X-CUBE-NFC4 3.0.0
2023-12-17 22:45:46,286 [INFO] ThirdParty:1030 - CMSIS Pack Vendor :STMicroelectronics X-CUBE-SUBG2 5.0.0
2023-12-17 22:45:46,286 [INFO] ThirdParty:1030 - CMSIS Pack Vendor :STMicroelectronics STM32_WPAN 1.0.0
2023-12-17 22:45:46,286 [INFO] ThirdParty:1030 - CMSIS Pack Vendor :SEGGER I-CUBE-embOS 1.2.1
2023-12-17 22:45:46,286 [INFO] ThirdParty:1030 - CMSIS Pack Vendor :STMicroelectronics lwIP 2.0.3
2023-12-17 22:45:46,286 [INFO] ThirdParty:1030 - CMSIS Pack Vendor :STMicroelectronics FP-SNS-FLIGHT1 5.0.2
2023-12-17 22:45:46,286 [INFO] ThirdParty:1030 - CMSIS Pack Vendor :STMicroelectronics X-CUBE-NFC4 2.0.5
2023-12-17 22:45:46,286 [INFO] ThirdParty:1030 - CMSIS Pack Vendor :STMicroelectronics USB_HOST 1.0.0
2023-12-17 22:45:46,286 [INFO] ThirdParty:1030 - CMSIS Pack Vendor :STMicroelectronics X-CUBE-AZRTOS-G4 2.0.0
2023-12-17 22:45:46,286 [INFO] ThirdParty:1030 - CMSIS Pack Vendor :STMicroelectronics PDM2PCM 3.1.0
2023-12-17 22:45:46,286 [INFO] ThirdParty:1030 - CMSIS Pack Vendor :STMicroelectronics X-CUBE-AZRTOS-H7 3.1.0
2023-12-17 22:45:46,286 [INFO] ThirdParty:1030 - CMSIS Pack Vendor :STMicroelectronics X-CUBE-TOF1 3.3.0
2023-12-17 22:45:46,286 [INFO] ThirdParty:1030 - CMSIS Pack Vendor :STMicroelectronics FP-ATR-ASTRA1 1.1.1
2023-12-17 22:45:46,286 [INFO] ThirdParty:1030 - CMSIS Pack Vendor :Infineon AIROC-Wi-Fi-Bluetooth-STM32 1.5.1
2023-12-17 22:45:46,286 [INFO] ThirdParty:1030 - CMSIS Pack Vendor :STMicroelectronics X-CUBE-BLEMGR 3.0.0
2023-12-17 22:45:46,286 [INFO] ThirdParty:1030 - CMSIS Pack Vendor :STMicroelectronics PDM2PCM 3.3.0
2023-12-17 22:45:46,286 [INFO] ThirdParty:1030 - CMSIS Pack Vendor :STMicroelectronics X-CUBE-DISPLAY 3.0.0
2023-12-17 22:45:46,286 [INFO] ThirdParty:1030 - CMSIS Pack Vendor :wolfSSL I-CUBE-wolfSSL 5.5.3
2023-12-17 22:45:46,286 [INFO] ThirdParty:1030 - CMSIS Pack Vendor :STMicroelectronics FP-SNS-MOTENVWB1 1.3.1
2023-12-17 22:45:46,286 [INFO] ThirdParty:1030 - CMSIS Pack Vendor :STMicroelectronics X-CUBE-BLE1 7.0.0
2023-12-17 22:45:46,286 [INFO] ThirdParty:1030 - CMSIS Pack Vendor :STMicroelectronics FP-ATR-SIGFOX1 3.2.0
2023-12-17 22:45:46,287 [INFO] ThirdParty:1030 - CMSIS Pack Vendor :STMicroelectronics X-CUBE-AZRTOS-G4 1.0.0
2023-12-17 22:45:46,287 [INFO] ThirdParty:1030 - CMSIS Pack Vendor :STMicroelectronics X-CUBE-AZRTOS-L4 1.0.0
2023-12-17 22:45:46,287 [INFO] ThirdParty:1030 - CMSIS Pack Vendor :STMicroelectronics X-CUBE-ISPU 2.0.0
2023-12-17 22:45:46,287 [INFO] ThirdParty:1030 - CMSIS Pack Vendor :STMicroelectronics HAL Drivers 0.0.0
2023-12-17 22:45:46,287 [INFO] ThirdParty:1030 - CMSIS Pack Vendor :STMicroelectronics MBEDTLS 2.16.2
2023-12-17 22:45:46,287 [INFO] ThirdParty:1030 - CMSIS Pack Vendor :STMicroelectronics X-CUBE-TOUCHGFX 4.20.0
2023-12-17 22:45:46,287 [INFO] ThirdParty:1030 - CMSIS Pack Vendor :STMicroelectronics X-CUBE-MEMS1 10.0.0
2023-12-17 22:45:46,287 [INFO] ThirdParty:1030 - CMSIS Pack Vendor :STMicroelectronics X-CUBE-FREERTOS 1.1.0
2023-12-17 22:45:46,287 [INFO] ThirdParty:1030 - CMSIS Pack Vendor :STMicroelectronics X-CUBE-NFC7 1.0.1
2023-12-17 22:45:46,287 [INFO] ThirdParty:1030 - CMSIS Pack Vendor :STMicroelectronics MBEDTLS 2.14.1
2023-12-17 22:45:46,287 [INFO] ThirdParty:1030 - CMSIS Pack Vendor :STMicroelectronics X-CUBE-NFC7 1.0.0
2023-12-17 22:45:46,287 [INFO] ThirdParty:1030 - CMSIS Pack Vendor :STMicroelectronics X-CUBE-TOUCHGFX 4.22.1
2023-12-17 22:45:46,287 [INFO] ThirdParty:1030 - CMSIS Pack Vendor :STMicroelectronics X-CUBE-AZRTOS-WL 1.0.0
2023-12-17 22:45:46,287 [INFO] ThirdParty:1030 - CMSIS Pack Vendor :STMicroelectronics X-CUBE-NFC6 3.0.0
2023-12-17 22:45:46,287 [INFO] ThirdParty:1030 - CMSIS Pack Vendor :STMicroelectronics X-CUBE-MEMS1 9.3.0
2023-12-17 22:45:46,287 [INFO] ThirdParty:1030 - CMSIS Pack Vendor :STMicroelectronics X-CUBE-EEPRMA1 4.1.0
2023-12-17 22:45:46,287 [INFO] ThirdParty:1030 - CMSIS Pack Vendor :portGmbH I-Cube-SoM-uGOAL 1.1.0
2023-12-17 22:45:46,287 [INFO] ThirdParty:1030 - CMSIS Pack Vendor :STMicroelectronics X-CUBE-ALS 1.0.1
2023-12-17 22:45:46,287 [INFO] ThirdParty:1030 - CMSIS Pack Vendor :STMicroelectronics X-CUBE-MEMS1 9.5.0
2023-12-17 22:45:46,287 [INFO] ThirdParty:1030 - CMSIS Pack Vendor :STMicroelectronics ThreadX 1.0.0
2023-12-17 22:45:46,287 [INFO] ThirdParty:1030 - CMSIS Pack Vendor :STMicroelectronics FP-SNS-SMARTAG2 1.2.0
2023-12-17 22:45:46,287 [INFO] ThirdParty:1030 - CMSIS Pack Vendor :STMicroelectronics X-CUBE-AZRTOS-WB 1.1.0
2023-12-17 22:45:46,288 [INFO] ThirdParty:1030 - CMSIS Pack Vendor :STMicroelectronics X-CUBE-AZRTOS-WL 2.0.0
2023-12-17 22:45:46,288 [INFO] ThirdParty:1030 - CMSIS Pack Vendor :SEGGER I-CUBE-embOS 1.3.1
2023-12-17 22:45:46,288 [INFO] ThirdParty:1030 - CMSIS Pack Vendor :STMicroelectronics X-CUBE-AZRTOS-L5 1.0.0
2023-12-17 22:45:46,288 [INFO] ThirdParty:1030 - CMSIS Pack Vendor :STMicroelectronics USB_DEVICE 1.0.0
2023-12-17 22:45:46,288 [INFO] ThirdParty:1030 - CMSIS Pack Vendor :STMicroelectronics X-CUBE-AI 8.1.0
2023-12-17 22:45:46,288 [INFO] ThirdParty:1030 - CMSIS Pack Vendor :STMicroelectronics X-CUBE-EEPRMA1 3.1.1
2023-12-17 22:45:46,288 [INFO] ThirdParty:1030 - CMSIS Pack Vendor :STMicroelectronics X-CUBE-AZRTOS-L4 2.0.0
2023-12-17 22:45:46,289 [INFO] ThirdParty:1030 - CMSIS Pack Vendor :STMicroelectronics ThreadX 0.0.2
2023-12-17 22:45:46,289 [INFO] ThirdParty:1030 - CMSIS Pack Vendor :WES I-CUBE-Cesium 1.3.0
2023-12-17 22:45:46,289 [INFO] ThirdParty:1030 - CMSIS Pack Vendor :STMicroelectronics FP-ATR-ASTRA1 2.0.0
2023-12-17 22:45:46,289 [INFO] ThirdParty:1030 - CMSIS Pack Vendor :STMicroelectronics lwIP 2.1.2
2023-12-17 22:45:46,289 [INFO] ThirdParty:1030 - CMSIS Pack Vendor :STMicroelectronics X-CUBE-SFXS2LP1 4.0.0
2023-12-17 22:45:46,289 [INFO] ThirdParty:1030 - CMSIS Pack Vendor :STMicroelectronics X-CUBE-BLE2 3.3.0
2023-12-17 22:45:46,289 [INFO] ThirdParty:1030 - CMSIS Pack Vendor :STMicroelectronics X-CUBE-TOF1 3.4.0
2023-12-17 22:45:46,289 [INFO] ThirdParty:1030 - CMSIS Pack Vendor :STMicroelectronics X-CUBE-DISPLAY 2.2.0
2023-12-17 22:45:46,289 [INFO] ThirdParty:1030 - CMSIS Pack Vendor :STMicroelectronics X-CUBE-TOF1 3.2.0
2023-12-17 22:45:46,289 [INFO] ThirdParty:1030 - CMSIS Pack Vendor :STMicroelectronics X-CUBE-AZRTOS-H7 3.2.0
2023-12-17 22:45:46,289 [INFO] ThirdParty:1030 - CMSIS Pack Vendor :STMicroelectronics PDM2PCM 3.2.0
2023-12-17 22:45:46,289 [INFO] ThirdParty:1030 - CMSIS Pack Vendor :STMicroelectronics X-CUBE-AZRTOS-H7 3.0.0
2023-12-17 22:45:46,289 [INFO] ThirdParty:841 - exiting critical section [change project]
2023-12-17 22:45:46,584 [INFO] PinOutPanel:1499 - setPackage(No Configuration,No Configuration)
2023-12-17 22:45:46,585 [INFO] PinOutPanel:1499 - setPackage(STM32F429ZITx,LQFP144)
2023-12-17 22:45:46,955 [INFO] UtilMem:75 - Before build in PCC Used Memory: 366435128 Bytes (838860800)
2023-12-17 22:45:47,660 [INFO] UtilMem:75 - After build in PCC Used Memory: 480062872 Bytes (838860800)
2023-12-17 22:45:47,678 [INFO] IPUIPlugin:80 - create IPUIPlugin
2023-12-17 22:45:47,678 [INFO] IPUIPlugin:80 - create IPUIPlugin
2023-12-17 22:45:47,678 [INFO] IPUIPlugin:80 - create IPUIPlugin
2023-12-17 22:45:47,678 [INFO] IPUIPlugin:80 - create IPUIPlugin
2023-12-17 22:45:47,678 [INFO] IPUIPlugin:80 - create IPUIPlugin
2023-12-17 22:45:47,678 [INFO] IPUIPlugin:80 - create IPUIPlugin
2023-12-17 22:45:47,678 [INFO] IPUIPlugin:80 - create IPUIPlugin
2023-12-17 22:45:47,678 [INFO] IPUIPlugin:80 - create IPUIPlugin
2023-12-17 22:45:47,678 [INFO] IPUIPlugin:80 - create IPUIPlugin
2023-12-17 22:45:47,678 [INFO] IPUIPlugin:80 - create IPUIPlugin
2023-12-17 22:45:47,678 [INFO] IPUIPlugin:80 - create IPUIPlugin
2023-12-17 22:45:47,678 [INFO] IPUIPlugin:80 - create IPUIPlugin
2023-12-17 22:45:47,678 [INFO] IPUIPlugin:80 - create IPUIPlugin
2023-12-17 22:45:47,679 [INFO] IPUIPlugin:80 - create IPUIPlugin
2023-12-17 22:45:47,679 [INFO] IPUIPlugin:80 - create IPUIPlugin
2023-12-17 22:45:47,679 [INFO] IPUIPlugin:80 - create IPUIPlugin
2023-12-17 22:45:47,679 [INFO] IPUIPlugin:80 - create IPUIPlugin
2023-12-17 22:45:47,679 [INFO] IPUIPlugin:80 - create IPUIPlugin
2023-12-17 22:45:47,679 [INFO] IPUIPlugin:80 - create IPUIPlugin
2023-12-17 22:45:47,679 [INFO] IPUIPlugin:80 - create IPUIPlugin
2023-12-17 22:45:47,679 [INFO] IPUIPlugin:80 - create IPUIPlugin
2023-12-17 22:45:47,679 [INFO] IPUIPlugin:80 - create IPUIPlugin
2023-12-17 22:45:47,679 [INFO] IPUIPlugin:80 - create IPUIPlugin
2023-12-17 22:45:47,679 [INFO] IPUIPlugin:80 - create IPUIPlugin
2023-12-17 22:45:47,679 [INFO] IPUIPlugin:80 - create IPUIPlugin
2023-12-17 22:45:47,679 [INFO] IPUIPlugin:80 - create IPUIPlugin
2023-12-17 22:45:47,679 [INFO] IPUIPlugin:80 - create IPUIPlugin
2023-12-17 22:45:47,680 [INFO] IPUIPlugin:80 - create IPUIPlugin
2023-12-17 22:45:47,680 [INFO] IPUIPlugin:80 - create IPUIPlugin
2023-12-17 22:45:47,680 [INFO] IPUIPlugin:80 - create IPUIPlugin
2023-12-17 22:45:47,680 [INFO] IPUIPlugin:80 - create IPUIPlugin
2023-12-17 22:45:47,680 [INFO] IPUIPlugin:80 - create IPUIPlugin
2023-12-17 22:45:47,680 [INFO] IPUIPlugin:80 - create IPUIPlugin
2023-12-17 22:45:47,680 [INFO] IPUIPlugin:80 - create IPUIPlugin
2023-12-17 22:45:47,680 [INFO] IPUIPlugin:80 - create IPUIPlugin
2023-12-17 22:45:47,680 [INFO] IPUIPlugin:80 - create IPUIPlugin
2023-12-17 22:45:47,680 [INFO] IPUIPlugin:80 - create IPUIPlugin
2023-12-17 22:45:47,680 [INFO] IPUIPlugin:80 - create IPUIPlugin
2023-12-17 22:45:47,680 [INFO] IPUIPlugin:80 - create IPUIPlugin
2023-12-17 22:45:47,680 [INFO] IPUIPlugin:80 - create IPUIPlugin
2023-12-17 22:45:47,680 [INFO] IPUIPlugin:80 - create IPUIPlugin
2023-12-17 22:45:47,682 [INFO] IPUIPlugin:80 - create IPUIPlugin
2023-12-17 22:45:47,682 [INFO] IPUIPlugin:80 - create IPUIPlugin
2023-12-17 22:45:47,682 [INFO] IPUIPlugin:80 - create IPUIPlugin
2023-12-17 22:45:47,682 [INFO] IPUIPlugin:80 - create IPUIPlugin
2023-12-17 22:45:47,682 [INFO] IPUIPlugin:80 - create IPUIPlugin
2023-12-17 22:45:47,682 [INFO] IPUIPlugin:80 - create IPUIPlugin
2023-12-17 22:45:47,682 [INFO] IPUIPlugin:80 - create IPUIPlugin
2023-12-17 22:45:47,682 [INFO] IPUIPlugin:80 - create IPUIPlugin
2023-12-17 22:45:47,682 [INFO] IPUIPlugin:80 - create IPUIPlugin
2023-12-17 22:45:47,682 [INFO] IPUIPlugin:80 - create IPUIPlugin
2023-12-17 22:45:47,682 [INFO] IPUIPlugin:80 - create IPUIPlugin
2023-12-17 22:45:47,682 [INFO] IPUIPlugin:80 - create IPUIPlugin
2023-12-17 22:45:47,682 [INFO] IPUIPlugin:80 - create IPUIPlugin
2023-12-17 22:45:47,682 [INFO] IPUIPlugin:80 - create IPUIPlugin
2023-12-17 22:45:47,683 [INFO] IPUIPlugin:80 - create IPUIPlugin
2023-12-17 22:45:47,683 [INFO] IPUIPlugin:80 - create IPUIPlugin
2023-12-17 22:45:47,683 [INFO] IPUIPlugin:80 - create IPUIPlugin
2023-12-17 22:45:47,683 [INFO] IPUIPlugin:80 - create IPUIPlugin
2023-12-17 22:45:47,683 [INFO] IPUIPlugin:80 - create IPUIPlugin
2023-12-17 22:45:47,683 [INFO] IPUIPlugin:80 - create IPUIPlugin
2023-12-17 22:45:47,684 [INFO] IPUIPlugin:80 - create IPUIPlugin
2023-12-17 22:45:47,684 [INFO] IPUIPlugin:80 - create IPUIPlugin
2023-12-17 22:45:47,684 [INFO] IPUIPlugin:80 - create IPUIPlugin
2023-12-17 22:45:47,685 [INFO] IPUIPlugin:80 - create IPUIPlugin
2023-12-17 22:45:47,685 [INFO] IPUIPlugin:80 - create IPUIPlugin
2023-12-17 22:45:47,742 [INFO] ApiDbMcu:508 - Load IP Config File for PDM2PCM
2023-12-17 22:45:47,910 [INFO] CADModel:165 - CPN selected for project levelSTM32F429ZIT6
2023-12-17 22:45:47,910 [INFO] CADModel:114 - Register for checkConnection events
2023-12-17 22:45:47,948 [INFO] OpenFileManager:343 - Restore cursor
2023-12-17 22:45:48,709 [INFO] UtilMem:75 - End SaveConfig() Used Memory: 685089456 Bytes (838860800)
2023-12-17 22:46:00,334 [INFO] McuFinderGlobals:76 - Set McuFinderConnectedMode to true
2023-12-17 22:46:00,340 [INFO] ApiDb:448 - Save user favorites file C:\Users\jaywe/.stm32cubeide/favorites.mcus.txt: 0 item(s)
2023-12-17 22:46:00,340 [INFO] ApiDb:452 - User favorites MCUs=[]
2023-12-17 22:46:00,341 [INFO] ApiDb:448 - Save user favorites file C:\Users\jaywe/.stm32cubeide/favorites.boards.txt: 1 item(s)
2023-12-17 22:46:00,354 [INFO] ApiDb:452 - User favorites Boards=[NUCLEO-F446RE]
2023-12-17 22:46:17,683 [INFO] NvicIntPanel:101 - NVIC parent = com.st.microxplorer.plugins.ip.nvic.MultiNvicIntPanel[,0,0,450x161,layout=javax.swing.BoxLayout,alignmentX=0.0,alignmentY=0.0,border=,flags=9,maximumSize=,minimumSize=,preferredSize=]
2023-12-17 22:47:12,519 [INFO] NvicIntPanel:101 - NVIC parent = com.st.microxplorer.plugins.ip.nvic.MultiNvicIntPanel[,0,0,0x0,invalid,layout=javax.swing.BoxLayout,alignmentX=0.0,alignmentY=0.0,border=,flags=9,maximumSize=,minimumSize=,preferredSize=]
2023-12-17 22:53:25,779 [WARN] IP:2119 - RCC_PERIPHCLK_I2SVar not found: check if there is a RefParameter without a condition.
2023-12-17 22:54:36,122 [INFO] CADModel:198 - CPN selected (Project mode): STM32F429ZIT6
2023-12-17 22:54:36,122 [INFO] CADModel:200 - Internet connection configuration mode: 1
2023-12-17 22:54:36,123 [INFO] CADModel:203 - rpn retrievedSTM32F429ZI
2023-12-17 22:54:36,137 [INFO] WebAppUi:294 - Instantiating new browser for Project
2023-12-17 22:54:37,602 [INFO] WebAppUi:1191 - Register for checkConnection events
2023-12-17 22:54:37,602 [INFO] WebAppUi:1226 - Apply proxy settings
2023-12-17 22:54:37,602 [INFO] WebAppUi:1264 - Chromium requires no authentication
2023-12-17 22:54:37,603 [INFO] WebAppUi:1250 - Direct internet connection detected
2023-12-17 22:54:37,606 [INFO] WebAppUi:320 - Starting web application
2023-12-17 22:54:37,606 [INFO] WebAppUi:1122 - Web application path used C:\ST\STM32CubeIDE_1.10.1\STM32CubeIDE\plugins\com.st.stm32cube.common.mx_6.10.0.202311202037\db\plugins\mcufinder\reactClient\index.html
2023-12-17 22:54:37,653 [INFO] WebAppUi:887 - Path where api_config.json is located C:\Users\jaywe\.stmcufinder\plugins\mcufinder//mcu/api_config.json
2023-12-17 22:54:37,653 [INFO] WebAppUi:888 - Setting api config in window object
2023-12-17 22:54:37,677 [WARN] WebAppUi:925 - Cannot access cad_preferences.json
2023-12-17 22:54:37,677 [WARN] WebAppUi:928 - Fallback to default consent
2023-12-17 22:54:37,693 [INFO] WebAppUi:896 - Path where cad_preferences.json is located C:\Users\jaywe/.stm32cubeide/
2023-12-17 22:54:37,693 [INFO] WebAppUi:897 - Setting consent info in window object
2023-12-17 22:54:39,197 [INFO] WebAppUi:792 - Allow Downloads
2023-12-17 22:54:39,199 [INFO] WebAppUi:294 - Instantiating new browser for Finder
2023-12-17 22:54:39,368 [INFO] WebAppUi:1191 - Register for checkConnection events
2023-12-17 22:54:39,368 [INFO] WebAppUi:1226 - Apply proxy settings
2023-12-17 22:54:39,368 [INFO] WebAppUi:1264 - Chromium requires no authentication
2023-12-17 22:54:39,369 [INFO] WebAppUi:1250 - Direct internet connection detected
2023-12-17 22:54:39,371 [INFO] WebAppUi:320 - Starting web application
2023-12-17 22:54:39,371 [INFO] WebAppUi:1122 - Web application path used C:\ST\STM32CubeIDE_1.10.1\STM32CubeIDE\plugins\com.st.stm32cube.common.mx_6.10.0.202311202037\db\plugins\mcufinder\reactClient\index.html
2023-12-17 22:54:39,380 [INFO] WebAppUi:887 - Path where api_config.json is located C:\Users\jaywe\.stmcufinder\plugins\mcufinder//mcu/api_config.json
2023-12-17 22:54:39,380 [INFO] WebAppUi:888 - Setting api config in window object
2023-12-17 22:54:39,396 [INFO] WebAppUi:896 - Path where cad_preferences.json is located C:\Users\jaywe/.stm32cubeide/
2023-12-17 22:54:39,396 [INFO] WebAppUi:897 - Setting consent info in window object
2023-12-17 22:54:39,723 [INFO] WebAppUi:1056 - Web application message: [UlApiManager component] Connected to Ultra Librarian SSO
2023-12-17 22:54:39,724 [INFO] WebAppUi:1056 - Web application message: [UlApiManager component] Connected to Ultra Librarian API
2023-12-17 22:54:40,060 [INFO] WebAppUi:792 - Allow Downloads
2023-12-17 22:54:40,060 [INFO] WebAppUi:613 - RPN selected STM32F429ZI
2023-12-17 22:54:40,060 [INFO] WebAppUi:614 - RefName selected STM32F429ZITx
2023-12-17 22:54:40,060 [INFO] WebAppUi:615 - CPN selected STM32F429ZIT6
2023-12-17 22:54:40,062 [INFO] WebAppUi:778 - Which Bigleton in use 2 and which CPN is about STM32F429ZIT6
2023-12-17 22:54:40,065 [INFO] WebAppUi:652 - Have injected Javascript into web application
2023-12-17 22:54:40,065 [INFO] WebAppUiContainer:153 - Web application run mode: Project CPN: STM32F429ZIT6
2023-12-17 22:54:40,128 [INFO] NvicIntPanel:101 - NVIC parent = com.st.microxplorer.plugins.ip.nvic.MultiNvicIntPanel[,0,0,450x161,layout=javax.swing.BoxLayout,alignmentX=0.0,alignmentY=0.0,border=,flags=9,maximumSize=,minimumSize=,preferredSize=]
2023-12-17 22:54:40,560 [INFO] WebAppUi:1056 - Web application message: [UlApiManager component] Connected to Ultra Librarian SSO
2023-12-17 22:54:40,563 [INFO] WebAppUi:1056 - Web application message: [UlApiManager component] Connected to Ultra Librarian API
2023-12-17 22:54:44,601 [INFO] WebAppUi:887 - Path where api_config.json is located C:\Users\jaywe\.stmcufinder\plugins\mcufinder//mcu/api_config.json
2023-12-17 22:54:44,601 [INFO] WebAppUi:888 - Setting api config in window object
2023-12-17 22:54:44,628 [INFO] WebAppUi:896 - Path where cad_preferences.json is located C:\Users\jaywe/.stm32cubeide/
2023-12-17 22:54:44,628 [INFO] WebAppUi:897 - Setting consent info in window object
2023-12-17 22:54:46,969 [INFO] WebAppUi:1056 - Web application message: THREE.WebGLRenderer 101
2023-12-17 22:56:10,139 [ERROR] LogOutputStream:75 - [STDERR_REDIRECT] Exception in thread "AWT-EventQueue-0" java.lang.ClassCastException: class sun.awt.windows.WEmbeddedFrame cannot be cast to class javax.swing.JFrame (sun.awt.windows.WEmbeddedFrame and javax.swing.JFrame are in module java.desktop of loader 'bootstrap')
2023-12-17 22:56:10,140 [ERROR] LogOutputStream:75 - [STDERR_REDIRECT] 	at com.st.microxplorer.plugins.clock.ClockConfigurationView.activatePlugin(ClockConfigurationView.java:425)
2023-12-17 22:56:10,141 [ERROR] LogOutputStream:75 - [STDERR_REDIRECT] 	at com.st.microxplorer.maingui.MainPanel$1.stateChanged(MainPanel.java:369)
2023-12-17 22:56:10,141 [ERROR] LogOutputStream:75 - [STDERR_REDIRECT] 	at java.desktop/javax.swing.JTabbedPane.fireStateChanged(JTabbedPane.java:444)
2023-12-17 22:56:10,142 [ERROR] LogOutputStream:75 - [STDERR_REDIRECT] 	at java.desktop/javax.swing.JTabbedPane$ModelListener.stateChanged(JTabbedPane.java:295)
2023-12-17 22:56:10,142 [ERROR] LogOutputStream:75 - [STDERR_REDIRECT] 	at java.desktop/javax.swing.DefaultSingleSelectionModel.fireStateChanged(DefaultSingleSelectionModel.java:148)
2023-12-17 22:56:10,143 [ERROR] LogOutputStream:75 - [STDERR_REDIRECT] 	at java.desktop/javax.swing.DefaultSingleSelectionModel.setSelectedIndex(DefaultSingleSelectionModel.java:79)
2023-12-17 22:56:10,144 [ERROR] LogOutputStream:75 - [STDERR_REDIRECT] 	at java.desktop/javax.swing.JTabbedPane.setSelectedIndexImpl(JTabbedPane.java:648)
2023-12-17 22:56:10,144 [ERROR] LogOutputStream:75 - [STDERR_REDIRECT] 	at java.desktop/javax.swing.JTabbedPane.setSelectedIndex(JTabbedPane.java:623)
2023-12-17 22:56:10,145 [ERROR] LogOutputStream:75 - [STDERR_REDIRECT] 	at java.desktop/javax.swing.plaf.basic.BasicTabbedPaneUI$Handler.mousePressed(BasicTabbedPaneUI.java:4101)
2023-12-17 22:56:10,145 [ERROR] LogOutputStream:75 - [STDERR_REDIRECT] 	at java.desktop/java.awt.Component.processMouseEvent(Component.java:6623)
2023-12-17 22:56:10,146 [ERROR] LogOutputStream:75 - [STDERR_REDIRECT] 	at java.desktop/javax.swing.JComponent.processMouseEvent(JComponent.java:3389)
2023-12-17 22:56:10,146 [ERROR] LogOutputStream:75 - [STDERR_REDIRECT] 	at java.desktop/java.awt.Component.processEvent(Component.java:6391)
2023-12-17 22:56:10,147 [ERROR] LogOutputStream:75 - [STDERR_REDIRECT] 	at java.desktop/java.awt.Container.processEvent(Container.java:2266)
2023-12-17 22:56:10,147 [ERROR] LogOutputStream:75 - [STDERR_REDIRECT] 	at java.desktop/java.awt.Component.dispatchEventImpl(Component.java:5001)
2023-12-17 22:56:10,148 [ERROR] LogOutputStream:75 - [STDERR_REDIRECT] 	at java.desktop/java.awt.Container.dispatchEventImpl(Container.java:2324)
2023-12-17 22:56:10,148 [ERROR] LogOutputStream:75 - [STDERR_REDIRECT] 	at java.desktop/java.awt.Component.dispatchEvent(Component.java:4833)
2023-12-17 22:56:10,149 [ERROR] LogOutputStream:75 - [STDERR_REDIRECT] 	at java.desktop/java.awt.LightweightDispatcher.retargetMouseEvent(Container.java:4948)
2023-12-17 22:56:10,149 [ERROR] LogOutputStream:75 - [STDERR_REDIRECT] 	at java.desktop/java.awt.LightweightDispatcher.processMouseEvent(Container.java:4572)
2023-12-17 22:56:10,150 [ERROR] LogOutputStream:75 - [STDERR_REDIRECT] 	at java.desktop/java.awt.LightweightDispatcher.dispatchEvent(Container.java:4516)
2023-12-17 22:56:10,150 [ERROR] LogOutputStream:75 - [STDERR_REDIRECT] 	at java.desktop/java.awt.Container.dispatchEventImpl(Container.java:2310)
2023-12-17 22:56:10,151 [ERROR] LogOutputStream:75 - [STDERR_REDIRECT] 	at java.desktop/java.awt.Component.dispatchEvent(Component.java:4833)
2023-12-17 22:56:10,151 [ERROR] LogOutputStream:75 - [STDERR_REDIRECT] 	at java.desktop/java.awt.EventQueue.dispatchEventImpl(EventQueue.java:775)
2023-12-17 22:56:10,152 [ERROR] LogOutputStream:75 - [STDERR_REDIRECT] 	at java.desktop/java.awt.EventQueue$4.run(EventQueue.java:720)
2023-12-17 22:56:10,152 [ERROR] LogOutputStream:75 - [STDERR_REDIRECT] 	at java.desktop/java.awt.EventQueue$4.run(EventQueue.java:714)
2023-12-17 22:56:10,153 [ERROR] LogOutputStream:75 - [STDERR_REDIRECT] 	at java.base/java.security.AccessController.doPrivileged(AccessController.java:399)
2023-12-17 22:56:10,153 [ERROR] LogOutputStream:75 - [STDERR_REDIRECT] 	at java.base/java.security.ProtectionDomain$JavaSecurityAccessImpl.doIntersectionPrivilege(ProtectionDomain.java:86)
2023-12-17 22:56:10,154 [ERROR] LogOutputStream:75 - [STDERR_REDIRECT] 	at java.base/java.security.ProtectionDomain$JavaSecurityAccessImpl.doIntersectionPrivilege(ProtectionDomain.java:97)
2023-12-17 22:56:10,155 [ERROR] LogOutputStream:75 - [STDERR_REDIRECT] 	at java.desktop/java.awt.EventQueue$5.run(EventQueue.java:747)
2023-12-17 22:56:10,155 [ERROR] LogOutputStream:75 - [STDERR_REDIRECT] 	at java.desktop/java.awt.EventQueue$5.run(EventQueue.java:745)
2023-12-17 22:56:10,156 [ERROR] LogOutputStream:75 - [STDERR_REDIRECT] 	at java.base/java.security.AccessController.doPrivileged(AccessController.java:399)
2023-12-17 22:56:10,156 [ERROR] LogOutputStream:75 - [STDERR_REDIRECT] 	at java.base/java.security.ProtectionDomain$JavaSecurityAccessImpl.doIntersectionPrivilege(ProtectionDomain.java:86)
2023-12-17 22:56:10,157 [ERROR] LogOutputStream:75 - [STDERR_REDIRECT] 	at java.desktop/java.awt.EventQueue.dispatchEvent(EventQueue.java:744)
2023-12-17 22:56:10,157 [ERROR] LogOutputStream:75 - [STDERR_REDIRECT] 	at java.desktop/java.awt.EventDispatchThread.pumpOneEventForFilters(EventDispatchThread.java:203)
2023-12-17 22:56:10,159 [ERROR] LogOutputStream:75 - [STDERR_REDIRECT] 	at java.desktop/java.awt.EventDispatchThread.pumpEventsForFilter(EventDispatchThread.java:124)
2023-12-17 22:56:10,159 [ERROR] LogOutputStream:75 - [STDERR_REDIRECT] 	at java.desktop/java.awt.EventDispatchThread.pumpEventsForHierarchy(EventDispatchThread.java:113)
2023-12-17 22:56:10,159 [ERROR] LogOutputStream:75 - [STDERR_REDIRECT] 	at java.desktop/java.awt.EventDispatchThread.pumpEvents(EventDispatchThread.java:109)
2023-12-17 22:56:10,160 [ERROR] LogOutputStream:75 - [STDERR_REDIRECT] 	at java.desktop/java.awt.EventDispatchThread.pumpEvents(EventDispatchThread.java:101)
2023-12-17 22:56:10,160 [ERROR] LogOutputStream:75 - [STDERR_REDIRECT] 	at java.desktop/java.awt.EventDispatchThread.run(EventDispatchThread.java:90)
2023-12-17 22:58:52,832 [INFO] CADModel:198 - CPN selected (Project mode): STM32F429ZIT6
2023-12-17 22:58:52,832 [INFO] CADModel:200 - Internet connection configuration mode: 1
2023-12-17 22:58:52,832 [INFO] CADModel:203 - rpn retrievedSTM32F429ZI
2023-12-17 22:58:52,832 [INFO] WebAppUi:613 - RPN selected STM32F429ZI
2023-12-17 22:58:52,832 [INFO] WebAppUi:614 - RefName selected STM32F429ZITx
2023-12-17 22:58:52,832 [INFO] WebAppUi:615 - CPN selected STM32F429ZIT6
2023-12-17 22:58:52,834 [INFO] WebAppUi:778 - Which Bigleton in use 2 and which CPN is about STM32F429ZIT6
2023-12-17 22:58:52,845 [INFO] WebAppUi:652 - Have injected Javascript into web application
2023-12-17 22:58:52,845 [INFO] WebAppUiContainer:153 - Web application run mode: Project CPN: STM32F429ZIT6
2023-12-17 22:58:59,710 [INFO] WebAppUi:263 - Path where cad_preferences.json is located C:\Users\jaywe/.stm32cubeide/
2023-12-17 22:58:59,710 [INFO] WebAppUi:264 - Updating consent from JSON file
2023-12-17 22:58:59,715 [INFO] WebAppUi:263 - Path where cad_preferences.json is located C:\Users\jaywe/.stm32cubeide/
2023-12-17 22:58:59,715 [INFO] WebAppUi:264 - Updating consent from JSON file
2023-12-17 22:59:18,583 [INFO] WebAppUi:1056 - Web application message: CAD family uin use Altium
2023-12-17 23:00:09,044 [ERROR] LogOutputStream:75 - [STDERR_REDIRECT] Exception in thread "AWT-EventQueue-0" java.lang.ClassCastException: class sun.awt.windows.WEmbeddedFrame cannot be cast to class javax.swing.JFrame (sun.awt.windows.WEmbeddedFrame and javax.swing.JFrame are in module java.desktop of loader 'bootstrap')
2023-12-17 23:00:09,045 [ERROR] LogOutputStream:75 - [STDERR_REDIRECT] 	at com.st.microxplorer.plugins.clock.ClockConfigurationView.activatePlugin(ClockConfigurationView.java:425)
2023-12-17 23:00:09,045 [ERROR] LogOutputStream:75 - [STDERR_REDIRECT] 	at com.st.microxplorer.maingui.MainPanel$1.stateChanged(MainPanel.java:369)
2023-12-17 23:00:09,046 [ERROR] LogOutputStream:75 - [STDERR_REDIRECT] 	at java.desktop/javax.swing.JTabbedPane.fireStateChanged(JTabbedPane.java:444)
2023-12-17 23:00:09,046 [ERROR] LogOutputStream:75 - [STDERR_REDIRECT] 	at java.desktop/javax.swing.JTabbedPane$ModelListener.stateChanged(JTabbedPane.java:295)
2023-12-17 23:00:09,047 [ERROR] LogOutputStream:75 - [STDERR_REDIRECT] 	at java.desktop/javax.swing.DefaultSingleSelectionModel.fireStateChanged(DefaultSingleSelectionModel.java:148)
2023-12-17 23:00:09,048 [ERROR] LogOutputStream:75 - [STDERR_REDIRECT] 	at java.desktop/javax.swing.DefaultSingleSelectionModel.setSelectedIndex(DefaultSingleSelectionModel.java:79)
2023-12-17 23:00:09,048 [ERROR] LogOutputStream:75 - [STDERR_REDIRECT] 	at java.desktop/javax.swing.JTabbedPane.setSelectedIndexImpl(JTabbedPane.java:648)
2023-12-17 23:00:09,049 [ERROR] LogOutputStream:75 - [STDERR_REDIRECT] 	at java.desktop/javax.swing.JTabbedPane.setSelectedIndex(JTabbedPane.java:623)
2023-12-17 23:00:09,049 [ERROR] LogOutputStream:75 - [STDERR_REDIRECT] 	at java.desktop/javax.swing.plaf.basic.BasicTabbedPaneUI$Handler.mousePressed(BasicTabbedPaneUI.java:4101)
2023-12-17 23:00:09,050 [ERROR] LogOutputStream:75 - [STDERR_REDIRECT] 	at java.desktop/java.awt.Component.processMouseEvent(Component.java:6623)
2023-12-17 23:00:09,050 [ERROR] LogOutputStream:75 - [STDERR_REDIRECT] 	at java.desktop/javax.swing.JComponent.processMouseEvent(JComponent.java:3389)
2023-12-17 23:00:09,051 [ERROR] LogOutputStream:75 - [STDERR_REDIRECT] 	at java.desktop/java.awt.Component.processEvent(Component.java:6391)
2023-12-17 23:00:09,051 [ERROR] LogOutputStream:75 - [STDERR_REDIRECT] 	at java.desktop/java.awt.Container.processEvent(Container.java:2266)
2023-12-17 23:00:09,052 [ERROR] LogOutputStream:75 - [STDERR_REDIRECT] 	at java.desktop/java.awt.Component.dispatchEventImpl(Component.java:5001)
2023-12-17 23:00:09,052 [ERROR] LogOutputStream:75 - [STDERR_REDIRECT] 	at java.desktop/java.awt.Container.dispatchEventImpl(Container.java:2324)
2023-12-17 23:00:09,052 [ERROR] LogOutputStream:75 - [STDERR_REDIRECT] 	at java.desktop/java.awt.Component.dispatchEvent(Component.java:4833)
2023-12-17 23:00:09,053 [ERROR] LogOutputStream:75 - [STDERR_REDIRECT] 	at java.desktop/java.awt.LightweightDispatcher.retargetMouseEvent(Container.java:4948)
2023-12-17 23:00:09,053 [ERROR] LogOutputStream:75 - [STDERR_REDIRECT] 	at java.desktop/java.awt.LightweightDispatcher.processMouseEvent(Container.java:4572)
2023-12-17 23:00:09,054 [ERROR] LogOutputStream:75 - [STDERR_REDIRECT] 	at java.desktop/java.awt.LightweightDispatcher.dispatchEvent(Container.java:4516)
2023-12-17 23:00:09,054 [ERROR] LogOutputStream:75 - [STDERR_REDIRECT] 	at java.desktop/java.awt.Container.dispatchEventImpl(Container.java:2310)
2023-12-17 23:00:09,055 [ERROR] LogOutputStream:75 - [STDERR_REDIRECT] 	at java.desktop/java.awt.Component.dispatchEvent(Component.java:4833)
2023-12-17 23:00:09,055 [ERROR] LogOutputStream:75 - [STDERR_REDIRECT] 	at java.desktop/java.awt.EventQueue.dispatchEventImpl(EventQueue.java:775)
2023-12-17 23:00:09,056 [ERROR] LogOutputStream:75 - [STDERR_REDIRECT] 	at java.desktop/java.awt.EventQueue$4.run(EventQueue.java:720)
2023-12-17 23:00:09,056 [ERROR] LogOutputStream:75 - [STDERR_REDIRECT] 	at java.desktop/java.awt.EventQueue$4.run(EventQueue.java:714)
2023-12-17 23:00:09,057 [ERROR] LogOutputStream:75 - [STDERR_REDIRECT] 	at java.base/java.security.AccessController.doPrivileged(AccessController.java:399)
2023-12-17 23:00:09,057 [ERROR] LogOutputStream:75 - [STDERR_REDIRECT] 	at java.base/java.security.ProtectionDomain$JavaSecurityAccessImpl.doIntersectionPrivilege(ProtectionDomain.java:86)
2023-12-17 23:00:09,058 [ERROR] LogOutputStream:75 - [STDERR_REDIRECT] 	at java.base/java.security.ProtectionDomain$JavaSecurityAccessImpl.doIntersectionPrivilege(ProtectionDomain.java:97)
2023-12-17 23:00:09,058 [ERROR] LogOutputStream:75 - [STDERR_REDIRECT] 	at java.desktop/java.awt.EventQueue$5.run(EventQueue.java:747)
2023-12-17 23:00:09,059 [ERROR] LogOutputStream:75 - [STDERR_REDIRECT] 	at java.desktop/java.awt.EventQueue$5.run(EventQueue.java:745)
2023-12-17 23:00:09,059 [ERROR] LogOutputStream:75 - [STDERR_REDIRECT] 	at java.base/java.security.AccessController.doPrivileged(AccessController.java:399)
2023-12-17 23:00:09,059 [ERROR] LogOutputStream:75 - [STDERR_REDIRECT] 	at java.base/java.security.ProtectionDomain$JavaSecurityAccessImpl.doIntersectionPrivilege(ProtectionDomain.java:86)
2023-12-17 23:00:09,061 [ERROR] LogOutputStream:75 - [STDERR_REDIRECT] 	at java.desktop/java.awt.EventQueue.dispatchEvent(EventQueue.java:744)
2023-12-17 23:00:09,061 [ERROR] LogOutputStream:75 - [STDERR_REDIRECT] 	at java.desktop/java.awt.EventDispatchThread.pumpOneEventForFilters(EventDispatchThread.java:203)
2023-12-17 23:00:09,062 [ERROR] LogOutputStream:75 - [STDERR_REDIRECT] 	at java.desktop/java.awt.EventDispatchThread.pumpEventsForFilter(EventDispatchThread.java:124)
2023-12-17 23:00:09,062 [ERROR] LogOutputStream:75 - [STDERR_REDIRECT] 	at java.desktop/java.awt.EventDispatchThread.pumpEventsForHierarchy(EventDispatchThread.java:113)
2023-12-17 23:00:09,063 [ERROR] LogOutputStream:75 - [STDERR_REDIRECT] 	at java.desktop/java.awt.EventDispatchThread.pumpEvents(EventDispatchThread.java:109)
2023-12-17 23:00:09,063 [ERROR] LogOutputStream:75 - [STDERR_REDIRECT] 	at java.desktop/java.awt.EventDispatchThread.pumpEvents(EventDispatchThread.java:101)
2023-12-17 23:00:09,064 [ERROR] LogOutputStream:75 - [STDERR_REDIRECT] 	at java.desktop/java.awt.EventDispatchThread.run(EventDispatchThread.java:90)
2023-12-17 23:09:06,344 [ERROR] LogOutputStream:75 - [STDERR_REDIRECT] Exception in thread "AWT-EventQueue-0" java.lang.ClassCastException: class sun.awt.windows.WEmbeddedFrame cannot be cast to class javax.swing.JFrame (sun.awt.windows.WEmbeddedFrame and javax.swing.JFrame are in module java.desktop of loader 'bootstrap')
2023-12-17 23:09:06,345 [ERROR] LogOutputStream:75 - [STDERR_REDIRECT] 	at com.st.microxplorer.plugins.clock.ClockConfigurationView.activatePlugin(ClockConfigurationView.java:425)
2023-12-17 23:09:06,347 [ERROR] LogOutputStream:75 - [STDERR_REDIRECT] 	at com.st.microxplorer.maingui.MainPanel$1.stateChanged(MainPanel.java:369)
2023-12-17 23:09:06,347 [ERROR] LogOutputStream:75 - [STDERR_REDIRECT] 	at java.desktop/javax.swing.JTabbedPane.fireStateChanged(JTabbedPane.java:444)
2023-12-17 23:09:06,347 [ERROR] LogOutputStream:75 - [STDERR_REDIRECT] 	at java.desktop/javax.swing.JTabbedPane$ModelListener.stateChanged(JTabbedPane.java:295)
2023-12-17 23:09:06,347 [ERROR] LogOutputStream:75 - [STDERR_REDIRECT] 	at java.desktop/javax.swing.DefaultSingleSelectionModel.fireStateChanged(DefaultSingleSelectionModel.java:148)
2023-12-17 23:09:06,348 [ERROR] LogOutputStream:75 - [STDERR_REDIRECT] 	at java.desktop/javax.swing.DefaultSingleSelectionModel.setSelectedIndex(DefaultSingleSelectionModel.java:79)
2023-12-17 23:09:06,349 [ERROR] LogOutputStream:75 - [STDERR_REDIRECT] 	at java.desktop/javax.swing.JTabbedPane.setSelectedIndexImpl(JTabbedPane.java:648)
2023-12-17 23:09:06,349 [ERROR] LogOutputStream:75 - [STDERR_REDIRECT] 	at java.desktop/javax.swing.JTabbedPane.setSelectedIndex(JTabbedPane.java:623)
2023-12-17 23:09:06,350 [ERROR] LogOutputStream:75 - [STDERR_REDIRECT] 	at java.desktop/javax.swing.plaf.basic.BasicTabbedPaneUI$Handler.mousePressed(BasicTabbedPaneUI.java:4101)
2023-12-17 23:09:06,350 [ERROR] LogOutputStream:75 - [STDERR_REDIRECT] 	at java.desktop/java.awt.Component.processMouseEvent(Component.java:6623)
2023-12-17 23:09:06,351 [ERROR] LogOutputStream:75 - [STDERR_REDIRECT] 	at java.desktop/javax.swing.JComponent.processMouseEvent(JComponent.java:3389)
2023-12-17 23:09:06,351 [ERROR] LogOutputStream:75 - [STDERR_REDIRECT] 	at java.desktop/java.awt.Component.processEvent(Component.java:6391)
2023-12-17 23:09:06,352 [ERROR] LogOutputStream:75 - [STDERR_REDIRECT] 	at java.desktop/java.awt.Container.processEvent(Container.java:2266)
2023-12-17 23:09:06,353 [ERROR] LogOutputStream:75 - [STDERR_REDIRECT] 	at java.desktop/java.awt.Component.dispatchEventImpl(Component.java:5001)
2023-12-17 23:09:06,353 [ERROR] LogOutputStream:75 - [STDERR_REDIRECT] 	at java.desktop/java.awt.Container.dispatchEventImpl(Container.java:2324)
2023-12-17 23:09:06,354 [ERROR] LogOutputStream:75 - [STDERR_REDIRECT] 	at java.desktop/java.awt.Component.dispatchEvent(Component.java:4833)
2023-12-17 23:09:06,354 [ERROR] LogOutputStream:75 - [STDERR_REDIRECT] 	at java.desktop/java.awt.LightweightDispatcher.retargetMouseEvent(Container.java:4948)
2023-12-17 23:09:06,355 [ERROR] LogOutputStream:75 - [STDERR_REDIRECT] 	at java.desktop/java.awt.LightweightDispatcher.processMouseEvent(Container.java:4572)
2023-12-17 23:09:06,355 [ERROR] LogOutputStream:75 - [STDERR_REDIRECT] 	at java.desktop/java.awt.LightweightDispatcher.dispatchEvent(Container.java:4516)
2023-12-17 23:09:06,357 [ERROR] LogOutputStream:75 - [STDERR_REDIRECT] 	at java.desktop/java.awt.Container.dispatchEventImpl(Container.java:2310)
2023-12-17 23:09:06,357 [ERROR] LogOutputStream:75 - [STDERR_REDIRECT] 	at java.desktop/java.awt.Component.dispatchEvent(Component.java:4833)
2023-12-17 23:09:06,358 [ERROR] LogOutputStream:75 - [STDERR_REDIRECT] 	at java.desktop/java.awt.EventQueue.dispatchEventImpl(EventQueue.java:775)
2023-12-17 23:09:06,358 [ERROR] LogOutputStream:75 - [STDERR_REDIRECT] 	at java.desktop/java.awt.EventQueue$4.run(EventQueue.java:720)
2023-12-17 23:09:06,358 [ERROR] LogOutputStream:75 - [STDERR_REDIRECT] 	at java.desktop/java.awt.EventQueue$4.run(EventQueue.java:714)
2023-12-17 23:09:06,359 [ERROR] LogOutputStream:75 - [STDERR_REDIRECT] 	at java.base/java.security.AccessController.doPrivileged(AccessController.java:399)
2023-12-17 23:09:06,360 [ERROR] LogOutputStream:75 - [STDERR_REDIRECT] 	at java.base/java.security.ProtectionDomain$JavaSecurityAccessImpl.doIntersectionPrivilege(ProtectionDomain.java:86)
2023-12-17 23:09:06,361 [ERROR] LogOutputStream:75 - [STDERR_REDIRECT] 	at java.base/java.security.ProtectionDomain$JavaSecurityAccessImpl.doIntersectionPrivilege(ProtectionDomain.java:97)
2023-12-17 23:09:06,362 [ERROR] LogOutputStream:75 - [STDERR_REDIRECT] 	at java.desktop/java.awt.EventQueue$5.run(EventQueue.java:747)
2023-12-17 23:09:06,362 [ERROR] LogOutputStream:75 - [STDERR_REDIRECT] 	at java.desktop/java.awt.EventQueue$5.run(EventQueue.java:745)
2023-12-17 23:09:06,363 [ERROR] LogOutputStream:75 - [STDERR_REDIRECT] 	at java.base/java.security.AccessController.doPrivileged(AccessController.java:399)
2023-12-17 23:09:06,363 [ERROR] LogOutputStream:75 - [STDERR_REDIRECT] 	at java.base/java.security.ProtectionDomain$JavaSecurityAccessImpl.doIntersectionPrivilege(ProtectionDomain.java:86)
2023-12-17 23:09:06,364 [ERROR] LogOutputStream:75 - [STDERR_REDIRECT] 	at java.desktop/java.awt.EventQueue.dispatchEvent(EventQueue.java:744)
2023-12-17 23:09:06,365 [ERROR] LogOutputStream:75 - [STDERR_REDIRECT] 	at java.desktop/java.awt.EventDispatchThread.pumpOneEventForFilters(EventDispatchThread.java:203)
2023-12-17 23:09:06,365 [ERROR] LogOutputStream:75 - [STDERR_REDIRECT] 	at java.desktop/java.awt.EventDispatchThread.pumpEventsForFilter(EventDispatchThread.java:124)
2023-12-17 23:09:06,366 [ERROR] LogOutputStream:75 - [STDERR_REDIRECT] 	at java.desktop/java.awt.EventDispatchThread.pumpEventsForHierarchy(EventDispatchThread.java:113)
2023-12-17 23:09:06,367 [ERROR] LogOutputStream:75 - [STDERR_REDIRECT] 	at java.desktop/java.awt.EventDispatchThread.pumpEvents(EventDispatchThread.java:109)
2023-12-17 23:09:06,367 [ERROR] LogOutputStream:75 - [STDERR_REDIRECT] 	at java.desktop/java.awt.EventDispatchThread.pumpEvents(EventDispatchThread.java:101)
2023-12-17 23:09:06,368 [ERROR] LogOutputStream:75 - [STDERR_REDIRECT] 	at java.desktop/java.awt.EventDispatchThread.run(EventDispatchThread.java:90)
2023-12-17 23:10:16,719 [INFO] MainUpdater:2873 - connection check result : 10
2023-12-17 23:10:16,719 [INFO] MainUpdater:2873 - connection check result : 10
2023-12-17 23:10:16,725 [INFO] UtilMem:75 - Begin LoadConfig() Used Memory: 647850112 Bytes (859832320)
2023-12-17 23:10:16,725 [INFO] MicroXplorer:468 - Change Database Path : 
2023-12-17 23:10:16,725 [INFO] MicroXplorer:498 - Change Database Version : DB.6.0.100
2023-12-17 23:10:16,725 [INFO] OpenFileManager:312 - Change cursor
2023-12-17 23:10:16,774 [INFO] RulesReader:64 - Compatibility file has been processed (297 Rules)
2023-12-17 23:10:16,775 [INFO] Mcu:2016 - Initializing MCU STM32F429ZITx STM32F429ZITx STM32F429ZIT6
2023-12-17 23:10:17,617 [INFO] Context:659 - Trying to add GPIOservice into a context  which must be forbidden
2023-12-17 23:10:17,780 [INFO] ThirdPartyModel:298 - Start build external matchings
2023-12-17 23:10:18,639 [INFO] ThirdPartyModel:316 - End build external matchings
2023-12-17 23:10:18,650 [INFO] ImportTextPane:194 - (OptionalMessage_ERROR) IP (ETH) : Invalid parameter (PHY_Name)
2023-12-17 23:10:18,650 [INFO] ImportTextPane:194 - (OptionalMessage_ERROR) IP (ETH) : Invalid parameter (PHY_Value)
2023-12-17 23:10:18,650 [INFO] ImportTextPane:194 - (OptionalMessage_ERROR) IP (ETH) : Invalid parameter (PhyAddress)
2023-12-17 23:10:18,650 [INFO] ImportTextPane:194 - (OptionalMessage_ERROR) IP (RCC) : Invalid parameter (ADC12outputFreq_Value)
2023-12-17 23:10:18,650 [INFO] ImportTextPane:194 - (OptionalMessage_ERROR) IP (RCC) : Invalid parameter (ADC34outputFreq_Value)
2023-12-17 23:10:18,650 [INFO] ImportTextPane:194 - (OptionalMessage_ERROR) IP (RCC) : Invalid parameter (FamilyName)
2023-12-17 23:10:18,650 [INFO] ImportTextPane:194 - (OptionalMessage_ERROR) IP (RCC) : Invalid parameter (I2C1Freq_Value)
2023-12-17 23:10:18,650 [INFO] ImportTextPane:194 - (OptionalMessage_ERROR) IP (RCC) : Invalid parameter (I2C2Freq_Value)
2023-12-17 23:10:18,650 [INFO] ImportTextPane:194 - (OptionalMessage_ERROR) IP (RCC) : Invalid parameter (I2C3Freq_Value)
2023-12-17 23:10:18,650 [INFO] ImportTextPane:194 - (OptionalMessage_ERROR) IP (RCC) : Parameter (MCO2PinFreq_Value) has invalid value (168000000)
2023-12-17 23:10:18,650 [INFO] ImportTextPane:194 - (OptionalMessage_ERROR) IP (RCC) : Invalid parameter (MCOFreq_Value)
2023-12-17 23:10:18,650 [INFO] ImportTextPane:194 - (OptionalMessage_ERROR) IP (RCC) : Invalid parameter (PLLMCOFreq_Value)
2023-12-17 23:10:18,650 [INFO] ImportTextPane:194 - (OptionalMessage_ERROR) IP (RCC) : Invalid parameter (PLLMUL)
2023-12-17 23:10:18,650 [INFO] ImportTextPane:194 - (OptionalMessage_ERROR) IP (RCC) : Invalid parameter (PRESCALERUSB)
2023-12-17 23:10:18,650 [INFO] ImportTextPane:194 - (OptionalMessage_ERROR) IP (RCC) : Parameter (RTCHSEDivFreq_Value) has invalid value (4000000)
2023-12-17 23:10:18,650 [INFO] ImportTextPane:194 - (OptionalMessage_ERROR) IP (RCC) : Invalid parameter (SYSCLKSourceVirtual)
2023-12-17 23:10:18,650 [INFO] ImportTextPane:194 - (OptionalMessage_ERROR) IP (RCC) : Invalid parameter (TIM15Freq_Value)
2023-12-17 23:10:18,650 [INFO] ImportTextPane:194 - (OptionalMessage_ERROR) IP (RCC) : Invalid parameter (TIM16Freq_Value)
2023-12-17 23:10:18,650 [INFO] ImportTextPane:194 - (OptionalMessage_ERROR) IP (RCC) : Invalid parameter (TIM17Freq_Value)
2023-12-17 23:10:18,650 [INFO] ImportTextPane:194 - (OptionalMessage_ERROR) IP (RCC) : Invalid parameter (TIM1Freq_Value)
2023-12-17 23:10:18,650 [INFO] ImportTextPane:194 - (OptionalMessage_ERROR) IP (RCC) : Invalid parameter (TIM20Freq_Value)
2023-12-17 23:10:18,650 [INFO] ImportTextPane:194 - (OptionalMessage_ERROR) IP (RCC) : Invalid parameter (TIM2Freq_Value)
2023-12-17 23:10:18,650 [INFO] ImportTextPane:194 - (OptionalMessage_ERROR) IP (RCC) : Invalid parameter (TIM3Freq_Value)
2023-12-17 23:10:18,650 [INFO] ImportTextPane:194 - (OptionalMessage_ERROR) IP (RCC) : Invalid parameter (TIM8Freq_Value)
2023-12-17 23:10:18,650 [INFO] ImportTextPane:194 - (OptionalMessage_ERROR) IP (RCC) : Invalid parameter (UART4Freq_Value)
2023-12-17 23:10:18,650 [INFO] ImportTextPane:194 - (OptionalMessage_ERROR) IP (RCC) : Invalid parameter (UART5Freq_Value)
2023-12-17 23:10:18,650 [INFO] ImportTextPane:194 - (OptionalMessage_ERROR) IP (RCC) : Invalid parameter (USART1Freq_Value)
2023-12-17 23:10:18,650 [INFO] ImportTextPane:194 - (OptionalMessage_ERROR) IP (RCC) : Invalid parameter (USART2Freq_Value)
2023-12-17 23:10:18,650 [INFO] ImportTextPane:194 - (OptionalMessage_ERROR) IP (RCC) : Invalid parameter (USART3Freq_Value)
2023-12-17 23:10:18,650 [INFO] ImportTextPane:194 - (OptionalMessage_ERROR) IP (RCC) : Invalid parameter (USBFreq_Value)
2023-12-17 23:10:18,650 [INFO] ImportTextPane:194 - (OptionalMessage_ERROR) IP (RCC) : Invalid parameter (VCOOutput2Freq_Value)
2023-12-17 23:10:18,857 [INFO] UtilMem:75 - End LoadConfig() Used Memory: 573873824 Bytes (859832320)
2023-12-17 23:10:18,879 [INFO] MicroXplorer:468 - Change Database Path : 
2023-12-17 23:10:18,879 [INFO] MicroXplorer:498 - Change Database Version : DB.6.0.100
2023-12-17 23:10:18,879 [WARN] ThirdParty:833 - waiting for thirdparty lock release [change project]
2023-12-17 23:10:18,879 [INFO] ThirdParty:835 - entering critical section [change project]
2023-12-17 23:10:18,879 [INFO] ThirdParty:1030 - CMSIS Pack Vendor :STMicroelectronics X-CUBE-ISPU 1.1.0
2023-12-17 23:10:18,879 [INFO] ThirdParty:1030 - CMSIS Pack Vendor :STMicroelectronics USBPD 4.1
2023-12-17 23:10:18,879 [INFO] ThirdParty:1030 - CMSIS Pack Vendor :RoweBots I-CUBE-UNISONRTOS 5.5.0-4
2023-12-17 23:10:18,879 [INFO] ThirdParty:1030 - CMSIS Pack Vendor :STMicroelectronics X-CUBE-GNSS1 6.0.0
2023-12-17 23:10:18,879 [INFO] ThirdParty:1030 - CMSIS Pack Vendor :STMicroelectronics X-CUBE-AZRTOS-H7 2.1.0
2023-12-17 23:10:18,879 [INFO] ThirdParty:1030 - CMSIS Pack Vendor :STMicroelectronics USB_HOST 2.0.0
2023-12-17 23:10:18,879 [INFO] ThirdParty:1030 - CMSIS Pack Vendor :STMicroelectronics X-CUBE-AZRTOS-F4 1.1.0
2023-12-17 23:10:18,879 [INFO] ThirdParty:1030 - CMSIS Pack Vendor :STMicroelectronics LIBJPEG 8.0.0
2023-12-17 23:10:18,879 [INFO] ThirdParty:1030 - CMSIS Pack Vendor :STMicroelectronics X-CUBE-SMBUS 2.1.0
2023-12-17 23:10:18,879 [INFO] ThirdParty:1030 - CMSIS Pack Vendor :STMicroelectronics USB_DEVICE 3.0.0
2023-12-17 23:10:18,879 [INFO] ThirdParty:1030 - CMSIS Pack Vendor :STMicroelectronics X-CUBE-AI 8.0.0
2023-12-17 23:10:18,879 [INFO] ThirdParty:1030 - CMSIS Pack Vendor :STMicroelectronics X-CUBE-AZRTOS-WB 2.0.0
2023-12-17 23:10:18,879 [INFO] ThirdParty:1030 - CMSIS Pack Vendor :STMicroelectronics X-CUBE-FREERTOS 1.0.0
2023-12-17 23:10:18,879 [INFO] ThirdParty:1030 - CMSIS Pack Vendor :STMicroelectronics X-CUBE-FREERTOS 1.0.1
2023-12-17 23:10:18,879 [INFO] ThirdParty:1030 - CMSIS Pack Vendor :STMicroelectronics X-CUBE-TOUCHGFX 4.21.1
2023-12-17 23:10:18,879 [INFO] ThirdParty:1030 - CMSIS Pack Vendor :STMicroelectronics X-CUBE-TOUCHGFX 4.21.3
2023-12-17 23:10:18,879 [INFO] ThirdParty:1030 - CMSIS Pack Vendor :STMicroelectronics X-CUBE-TOUCHGFX 4.23.0
2023-12-17 23:10:18,879 [INFO] ThirdParty:1030 - CMSIS Pack Vendor :STMicroelectronics X-CUBE-BLEMGR 1.2.0
2023-12-17 23:10:18,879 [INFO] ThirdParty:1030 - CMSIS Pack Vendor :STMicroelectronics X-CUBE-AZRTOS-F7 1.1.0
2023-12-17 23:10:18,879 [INFO] ThirdParty:1030 - CMSIS Pack Vendor :STMicroelectronics X-CUBE-AZRTOS-L5 2.0.0
2023-12-17 23:10:18,879 [INFO] ThirdParty:1030 - CMSIS Pack Vendor :STMicroelectronics USB_DEVICE 2.0.0
2023-12-17 23:10:18,880 [INFO] ThirdParty:1030 - CMSIS Pack Vendor :STMicroelectronics X-CUBE-AI 7.3.0
2023-12-17 23:10:18,880 [INFO] ThirdParty:1030 - CMSIS Pack Vendor :STMicroelectronics X-CUBE-MEMS1 9.6.0
2023-12-17 23:10:18,880 [INFO] ThirdParty:1030 - CMSIS Pack Vendor :STMicroelectronics X-CUBE-EEPRMA1 4.2.0
2023-12-17 23:10:18,880 [INFO] ThirdParty:1030 - CMSIS Pack Vendor :ITTIA_DB I-CUBE-ITTIADB 8.8.0
2023-12-17 23:10:18,880 [INFO] ThirdParty:1030 - CMSIS Pack Vendor :STMicroelectronics FP-SNS-MOTENV1 4.3.2
2023-12-17 23:10:18,880 [INFO] ThirdParty:1030 - CMSIS Pack Vendor :STMicroelectronics X-CUBE-BLE1 6.2.3
2023-12-17 23:10:18,880 [INFO] ThirdParty:1030 - CMSIS Pack Vendor :STMicroelectronics X-CUBE-ALGOBUILD 1.3.0
2023-12-17 23:10:18,880 [INFO] ThirdParty:1030 - CMSIS Pack Vendor :STMicroelectronics X-CUBE-BLE1 6.2.4
2023-12-17 23:10:18,880 [INFO] ThirdParty:1030 - CMSIS Pack Vendor :STMicroelectronics X-CUBE-AZRTOS-L5 1.1.0
2023-12-17 23:10:18,880 [INFO] ThirdParty:1030 - CMSIS Pack Vendor :STMicroelectronics FreeRTOS 0.0.1
2023-12-17 23:10:18,880 [INFO] ThirdParty:1030 - CMSIS Pack Vendor :STMicroelectronics X-CUBE-AZRTOS-G0 1.1.0
2023-12-17 23:10:18,880 [INFO] ThirdParty:1030 - CMSIS Pack Vendor :emotas I-CUBE-CANOPEN 1.1.3
2023-12-17 23:10:18,880 [INFO] ThirdParty:1030 - CMSIS Pack Vendor :STMicroelectronics X-CUBE-BLEMGR 2.0.0
2023-12-17 23:10:18,880 [INFO] ThirdParty:1030 - CMSIS Pack Vendor :STMicroelectronics X-CUBE-NFC4 3.0.0
2023-12-17 23:10:18,880 [INFO] ThirdParty:1030 - CMSIS Pack Vendor :STMicroelectronics X-CUBE-SUBG2 5.0.0
2023-12-17 23:10:18,880 [INFO] ThirdParty:1030 - CMSIS Pack Vendor :STMicroelectronics STM32_WPAN 1.0.0
2023-12-17 23:10:18,880 [INFO] ThirdParty:1030 - CMSIS Pack Vendor :SEGGER I-CUBE-embOS 1.2.1
2023-12-17 23:10:18,880 [INFO] ThirdParty:1030 - CMSIS Pack Vendor :STMicroelectronics lwIP 2.0.3
2023-12-17 23:10:18,880 [INFO] ThirdParty:1030 - CMSIS Pack Vendor :STMicroelectronics FP-SNS-FLIGHT1 5.0.2
2023-12-17 23:10:18,880 [INFO] ThirdParty:1030 - CMSIS Pack Vendor :STMicroelectronics X-CUBE-NFC4 2.0.5
2023-12-17 23:10:18,880 [INFO] ThirdParty:1030 - CMSIS Pack Vendor :STMicroelectronics USB_HOST 1.0.0
2023-12-17 23:10:18,880 [INFO] ThirdParty:1030 - CMSIS Pack Vendor :STMicroelectronics X-CUBE-AZRTOS-G4 2.0.0
2023-12-17 23:10:18,880 [INFO] ThirdParty:1030 - CMSIS Pack Vendor :STMicroelectronics PDM2PCM 3.1.0
2023-12-17 23:10:18,880 [INFO] ThirdParty:1030 - CMSIS Pack Vendor :STMicroelectronics X-CUBE-AZRTOS-H7 3.1.0
2023-12-17 23:10:18,880 [INFO] ThirdParty:1030 - CMSIS Pack Vendor :STMicroelectronics X-CUBE-TOF1 3.3.0
2023-12-17 23:10:18,880 [INFO] ThirdParty:1030 - CMSIS Pack Vendor :STMicroelectronics FP-ATR-ASTRA1 1.1.1
2023-12-17 23:10:18,880 [INFO] ThirdParty:1030 - CMSIS Pack Vendor :Infineon AIROC-Wi-Fi-Bluetooth-STM32 1.5.1
2023-12-17 23:10:18,880 [INFO] ThirdParty:1030 - CMSIS Pack Vendor :STMicroelectronics X-CUBE-BLEMGR 3.0.0
2023-12-17 23:10:18,880 [INFO] ThirdParty:1030 - CMSIS Pack Vendor :STMicroelectronics PDM2PCM 3.3.0
2023-12-17 23:10:18,880 [INFO] ThirdParty:1030 - CMSIS Pack Vendor :STMicroelectronics X-CUBE-DISPLAY 3.0.0
2023-12-17 23:10:18,880 [INFO] ThirdParty:1030 - CMSIS Pack Vendor :wolfSSL I-CUBE-wolfSSL 5.5.3
2023-12-17 23:10:18,880 [INFO] ThirdParty:1030 - CMSIS Pack Vendor :STMicroelectronics FP-SNS-MOTENVWB1 1.3.1
2023-12-17 23:10:18,880 [INFO] ThirdParty:1030 - CMSIS Pack Vendor :STMicroelectronics X-CUBE-BLE1 7.0.0
2023-12-17 23:10:18,880 [INFO] ThirdParty:1030 - CMSIS Pack Vendor :STMicroelectronics FP-ATR-SIGFOX1 3.2.0
2023-12-17 23:10:18,880 [INFO] ThirdParty:1030 - CMSIS Pack Vendor :STMicroelectronics X-CUBE-AZRTOS-G4 1.0.0
2023-12-17 23:10:18,880 [INFO] ThirdParty:1030 - CMSIS Pack Vendor :STMicroelectronics X-CUBE-AZRTOS-L4 1.0.0
2023-12-17 23:10:18,880 [INFO] ThirdParty:1030 - CMSIS Pack Vendor :STMicroelectronics X-CUBE-ISPU 2.0.0
2023-12-17 23:10:18,880 [INFO] ThirdParty:1030 - CMSIS Pack Vendor :STMicroelectronics HAL Drivers 0.0.0
2023-12-17 23:10:18,880 [INFO] ThirdParty:1030 - CMSIS Pack Vendor :STMicroelectronics MBEDTLS 2.16.2
2023-12-17 23:10:18,880 [INFO] ThirdParty:1030 - CMSIS Pack Vendor :STMicroelectronics X-CUBE-TOUCHGFX 4.20.0
2023-12-17 23:10:18,880 [INFO] ThirdParty:1030 - CMSIS Pack Vendor :STMicroelectronics X-CUBE-MEMS1 10.0.0
2023-12-17 23:10:18,880 [INFO] ThirdParty:1030 - CMSIS Pack Vendor :STMicroelectronics X-CUBE-FREERTOS 1.1.0
2023-12-17 23:10:18,880 [INFO] ThirdParty:1030 - CMSIS Pack Vendor :STMicroelectronics X-CUBE-NFC7 1.0.1
2023-12-17 23:10:18,880 [INFO] ThirdParty:1030 - CMSIS Pack Vendor :STMicroelectronics MBEDTLS 2.14.1
2023-12-17 23:10:18,880 [INFO] ThirdParty:1030 - CMSIS Pack Vendor :STMicroelectronics X-CUBE-NFC7 1.0.0
2023-12-17 23:10:18,880 [INFO] ThirdParty:1030 - CMSIS Pack Vendor :STMicroelectronics X-CUBE-TOUCHGFX 4.22.1
2023-12-17 23:10:18,880 [INFO] ThirdParty:1030 - CMSIS Pack Vendor :STMicroelectronics X-CUBE-AZRTOS-WL 1.0.0
2023-12-17 23:10:18,880 [INFO] ThirdParty:1030 - CMSIS Pack Vendor :STMicroelectronics X-CUBE-NFC6 3.0.0
2023-12-17 23:10:18,880 [INFO] ThirdParty:1030 - CMSIS Pack Vendor :STMicroelectronics X-CUBE-MEMS1 9.3.0
2023-12-17 23:10:18,880 [INFO] ThirdParty:1030 - CMSIS Pack Vendor :STMicroelectronics X-CUBE-EEPRMA1 4.1.0
2023-12-17 23:10:18,880 [INFO] ThirdParty:1030 - CMSIS Pack Vendor :portGmbH I-Cube-SoM-uGOAL 1.1.0
2023-12-17 23:10:18,880 [INFO] ThirdParty:1030 - CMSIS Pack Vendor :STMicroelectronics X-CUBE-ALS 1.0.1
2023-12-17 23:10:18,880 [INFO] ThirdParty:1030 - CMSIS Pack Vendor :STMicroelectronics X-CUBE-MEMS1 9.5.0
2023-12-17 23:10:18,880 [INFO] ThirdParty:1030 - CMSIS Pack Vendor :STMicroelectronics ThreadX 1.0.0
2023-12-17 23:10:18,880 [INFO] ThirdParty:1030 - CMSIS Pack Vendor :STMicroelectronics FP-SNS-SMARTAG2 1.2.0
2023-12-17 23:10:18,880 [INFO] ThirdParty:1030 - CMSIS Pack Vendor :STMicroelectronics X-CUBE-AZRTOS-WB 1.1.0
2023-12-17 23:10:18,880 [INFO] ThirdParty:1030 - CMSIS Pack Vendor :STMicroelectronics X-CUBE-AZRTOS-WL 2.0.0
2023-12-17 23:10:18,880 [INFO] ThirdParty:1030 - CMSIS Pack Vendor :SEGGER I-CUBE-embOS 1.3.1
2023-12-17 23:10:18,880 [INFO] ThirdParty:1030 - CMSIS Pack Vendor :STMicroelectronics X-CUBE-AZRTOS-L5 1.0.0
2023-12-17 23:10:18,880 [INFO] ThirdParty:1030 - CMSIS Pack Vendor :STMicroelectronics USB_DEVICE 1.0.0
2023-12-17 23:10:18,880 [INFO] ThirdParty:1030 - CMSIS Pack Vendor :STMicroelectronics X-CUBE-AI 8.1.0
2023-12-17 23:10:18,880 [INFO] ThirdParty:1030 - CMSIS Pack Vendor :STMicroelectronics X-CUBE-EEPRMA1 3.1.1
2023-12-17 23:10:18,880 [INFO] ThirdParty:1030 - CMSIS Pack Vendor :STMicroelectronics X-CUBE-AZRTOS-L4 2.0.0
2023-12-17 23:10:18,880 [INFO] ThirdParty:1030 - CMSIS Pack Vendor :STMicroelectronics ThreadX 0.0.2
2023-12-17 23:10:18,880 [INFO] ThirdParty:1030 - CMSIS Pack Vendor :WES I-CUBE-Cesium 1.3.0
2023-12-17 23:10:18,880 [INFO] ThirdParty:1030 - CMSIS Pack Vendor :STMicroelectronics FP-ATR-ASTRA1 2.0.0
2023-12-17 23:10:18,880 [INFO] ThirdParty:1030 - CMSIS Pack Vendor :STMicroelectronics lwIP 2.1.2
2023-12-17 23:10:18,880 [INFO] ThirdParty:1030 - CMSIS Pack Vendor :STMicroelectronics X-CUBE-SFXS2LP1 4.0.0
2023-12-17 23:10:18,880 [INFO] ThirdParty:1030 - CMSIS Pack Vendor :STMicroelectronics X-CUBE-BLE2 3.3.0
2023-12-17 23:10:18,880 [INFO] ThirdParty:1030 - CMSIS Pack Vendor :STMicroelectronics X-CUBE-TOF1 3.4.0
2023-12-17 23:10:18,880 [INFO] ThirdParty:1030 - CMSIS Pack Vendor :STMicroelectronics X-CUBE-DISPLAY 2.2.0
2023-12-17 23:10:18,880 [INFO] ThirdParty:1030 - CMSIS Pack Vendor :STMicroelectronics X-CUBE-TOF1 3.2.0
2023-12-17 23:10:18,880 [INFO] ThirdParty:1030 - CMSIS Pack Vendor :STMicroelectronics X-CUBE-AZRTOS-H7 3.2.0
2023-12-17 23:10:18,880 [INFO] ThirdParty:1030 - CMSIS Pack Vendor :STMicroelectronics PDM2PCM 3.2.0
2023-12-17 23:10:18,880 [INFO] ThirdParty:1030 - CMSIS Pack Vendor :STMicroelectronics X-CUBE-AZRTOS-H7 3.0.0
2023-12-17 23:10:18,880 [INFO] ThirdParty:841 - exiting critical section [change project]
2023-12-17 23:10:18,971 [INFO] PinOutPanel:1499 - setPackage(No Configuration,No Configuration)
2023-12-17 23:10:18,971 [INFO] PinOutPanel:1499 - setPackage(STM32F429ZITx,LQFP144)
2023-12-17 23:10:19,128 [INFO] UtilMem:75 - Before build in PCC Used Memory: 388722072 Bytes (859832320)
2023-12-17 23:10:19,347 [INFO] UtilMem:75 - After build in PCC Used Memory: 436430232 Bytes (859832320)
2023-12-17 23:10:19,354 [WARN] IpParametersView:151 - Warning: This peripheral hasn't parameters
2023-12-17 23:10:19,355 [WARN] MainPanel:272 - <html><b><center>Warning: This peripheral has no parameters to be configured<br></b></html>
2023-12-17 23:10:19,368 [INFO] IPUIPlugin:80 - create IPUIPlugin
2023-12-17 23:10:19,368 [INFO] IPUIPlugin:80 - create IPUIPlugin
2023-12-17 23:10:19,368 [INFO] IPUIPlugin:80 - create IPUIPlugin
2023-12-17 23:10:19,368 [INFO] IPUIPlugin:80 - create IPUIPlugin
2023-12-17 23:10:19,368 [INFO] IPUIPlugin:80 - create IPUIPlugin
2023-12-17 23:10:19,368 [INFO] IPUIPlugin:80 - create IPUIPlugin
2023-12-17 23:10:19,368 [INFO] IPUIPlugin:80 - create IPUIPlugin
2023-12-17 23:10:19,368 [INFO] IPUIPlugin:80 - create IPUIPlugin
2023-12-17 23:10:19,368 [INFO] IPUIPlugin:80 - create IPUIPlugin
2023-12-17 23:10:19,368 [INFO] IPUIPlugin:80 - create IPUIPlugin
2023-12-17 23:10:19,368 [INFO] IPUIPlugin:80 - create IPUIPlugin
2023-12-17 23:10:19,368 [INFO] IPUIPlugin:80 - create IPUIPlugin
2023-12-17 23:10:19,368 [INFO] IPUIPlugin:80 - create IPUIPlugin
2023-12-17 23:10:19,368 [INFO] IPUIPlugin:80 - create IPUIPlugin
2023-12-17 23:10:19,368 [INFO] IPUIPlugin:80 - create IPUIPlugin
2023-12-17 23:10:19,368 [INFO] IPUIPlugin:80 - create IPUIPlugin
2023-12-17 23:10:19,368 [INFO] IPUIPlugin:80 - create IPUIPlugin
2023-12-17 23:10:19,368 [INFO] IPUIPlugin:80 - create IPUIPlugin
2023-12-17 23:10:19,368 [INFO] IPUIPlugin:80 - create IPUIPlugin
2023-12-17 23:10:19,368 [INFO] IPUIPlugin:80 - create IPUIPlugin
2023-12-17 23:10:19,368 [INFO] IPUIPlugin:80 - create IPUIPlugin
2023-12-17 23:10:19,368 [INFO] IPUIPlugin:80 - create IPUIPlugin
2023-12-17 23:10:19,368 [INFO] IPUIPlugin:80 - create IPUIPlugin
2023-12-17 23:10:19,370 [INFO] IPUIPlugin:80 - create IPUIPlugin
2023-12-17 23:10:19,370 [INFO] IPUIPlugin:80 - create IPUIPlugin
2023-12-17 23:10:19,370 [INFO] IPUIPlugin:80 - create IPUIPlugin
2023-12-17 23:10:19,370 [INFO] IPUIPlugin:80 - create IPUIPlugin
2023-12-17 23:10:19,370 [INFO] IPUIPlugin:80 - create IPUIPlugin
2023-12-17 23:10:19,370 [INFO] IPUIPlugin:80 - create IPUIPlugin
2023-12-17 23:10:19,370 [INFO] IPUIPlugin:80 - create IPUIPlugin
2023-12-17 23:10:19,370 [INFO] IPUIPlugin:80 - create IPUIPlugin
2023-12-17 23:10:19,370 [INFO] IPUIPlugin:80 - create IPUIPlugin
2023-12-17 23:10:19,370 [INFO] IPUIPlugin:80 - create IPUIPlugin
2023-12-17 23:10:19,370 [INFO] IPUIPlugin:80 - create IPUIPlugin
2023-12-17 23:10:19,370 [INFO] IPUIPlugin:80 - create IPUIPlugin
2023-12-17 23:10:19,370 [INFO] IPUIPlugin:80 - create IPUIPlugin
2023-12-17 23:10:19,370 [INFO] IPUIPlugin:80 - create IPUIPlugin
2023-12-17 23:10:19,371 [INFO] IPUIPlugin:80 - create IPUIPlugin
2023-12-17 23:10:19,371 [INFO] IPUIPlugin:80 - create IPUIPlugin
2023-12-17 23:10:19,371 [INFO] IPUIPlugin:80 - create IPUIPlugin
2023-12-17 23:10:19,371 [INFO] IPUIPlugin:80 - create IPUIPlugin
2023-12-17 23:10:19,371 [INFO] IPUIPlugin:80 - create IPUIPlugin
2023-12-17 23:10:19,371 [INFO] IPUIPlugin:80 - create IPUIPlugin
2023-12-17 23:10:19,371 [INFO] IPUIPlugin:80 - create IPUIPlugin
2023-12-17 23:10:19,371 [INFO] IPUIPlugin:80 - create IPUIPlugin
2023-12-17 23:10:19,371 [INFO] IPUIPlugin:80 - create IPUIPlugin
2023-12-17 23:10:19,371 [INFO] IPUIPlugin:80 - create IPUIPlugin
2023-12-17 23:10:19,371 [INFO] IPUIPlugin:80 - create IPUIPlugin
2023-12-17 23:10:19,372 [INFO] IPUIPlugin:80 - create IPUIPlugin
2023-12-17 23:10:19,372 [INFO] IPUIPlugin:80 - create IPUIPlugin
2023-12-17 23:10:19,372 [INFO] IPUIPlugin:80 - create IPUIPlugin
2023-12-17 23:10:19,372 [INFO] IPUIPlugin:80 - create IPUIPlugin
2023-12-17 23:10:19,372 [INFO] IPUIPlugin:80 - create IPUIPlugin
2023-12-17 23:10:19,372 [INFO] IPUIPlugin:80 - create IPUIPlugin
2023-12-17 23:10:19,372 [INFO] IPUIPlugin:80 - create IPUIPlugin
2023-12-17 23:10:19,372 [INFO] IPUIPlugin:80 - create IPUIPlugin
2023-12-17 23:10:19,372 [INFO] IPUIPlugin:80 - create IPUIPlugin
2023-12-17 23:10:19,373 [INFO] IPUIPlugin:80 - create IPUIPlugin
2023-12-17 23:10:19,373 [INFO] IPUIPlugin:80 - create IPUIPlugin
2023-12-17 23:10:19,373 [INFO] IPUIPlugin:80 - create IPUIPlugin
2023-12-17 23:10:19,373 [INFO] IPUIPlugin:80 - create IPUIPlugin
2023-12-17 23:10:19,373 [INFO] IPUIPlugin:80 - create IPUIPlugin
2023-12-17 23:10:19,374 [INFO] IPUIPlugin:80 - create IPUIPlugin
2023-12-17 23:10:19,374 [INFO] IPUIPlugin:80 - create IPUIPlugin
2023-12-17 23:10:19,374 [INFO] IPUIPlugin:80 - create IPUIPlugin
2023-12-17 23:10:19,374 [INFO] IPUIPlugin:80 - create IPUIPlugin
2023-12-17 23:10:19,376 [INFO] ApiDbMcu:508 - Load IP Config File for PDM2PCM
2023-12-17 23:10:19,385 [INFO] CADModel:165 - CPN selected for project levelSTM32F429ZIT6
2023-12-17 23:10:19,385 [INFO] CADModel:114 - Register for checkConnection events
2023-12-17 23:10:19,434 [INFO] OpenFileManager:343 - Restore cursor
2023-12-17 23:12:59,983 [INFO] NvicIntPanel:101 - NVIC parent = com.st.microxplorer.plugins.ip.nvic.MultiNvicIntPanel[,0,0,0x0,invalid,layout=javax.swing.BoxLayout,alignmentX=0.0,alignmentY=0.0,border=,flags=9,maximumSize=,minimumSize=,preferredSize=]
